Performing C SOURCE FILE Test CMAKE_HAVE_LIBC_PTHREAD failed with the following output:
Change Dir: /media/yohello/hrm1/code-stuff/cross-dev/testing/CRender_push/CMakeFiles/CMakeTmp

Run Build Command(s):/usr/bin/make cmTC_dc427/fast && /usr/bin/make -f CMakeFiles/cmTC_dc427.dir/build.make CMakeFiles/cmTC_dc427.dir/build
make[1]: Entering directory '/media/yohello/hrm1/code-stuff/cross-dev/testing/CRender_push/CMakeFiles/CMakeTmp'
Building C object CMakeFiles/cmTC_dc427.dir/src.c.o
/usr/bin/cc   -DCMAKE_HAVE_LIBC_PTHREAD   -o CMakeFiles/cmTC_dc427.dir/src.c.o   -c /media/yohello/hrm1/code-stuff/cross-dev/testing/CRender_push/CMakeFiles/CMakeTmp/src.c
Linking C executable cmTC_dc427
/usr/bin/cmake -E cmake_link_script CMakeFiles/cmTC_dc427.dir/link.txt --verbose=1
/usr/bin/cc  -DCMAKE_HAVE_LIBC_PTHREAD    -rdynamic CMakeFiles/cmTC_dc427.dir/src.c.o  -o cmTC_dc427 
/usr/bin/ld: CMakeFiles/cmTC_dc427.dir/src.c.o: in function `main':
src.c:(.text+0x46): undefined reference to `pthread_create'
/usr/bin/ld: src.c:(.text+0x52): undefined reference to `pthread_detach'
/usr/bin/ld: src.c:(.text+0x63): undefined reference to `pthread_join'
collect2: error: ld returned 1 exit status
make[1]: *** [CMakeFiles/cmTC_dc427.dir/build.make:87: cmTC_dc427] Error 1
make[1]: Leaving directory '/media/yohello/hrm1/code-stuff/cross-dev/testing/CRender_push/CMakeFiles/CMakeTmp'
make: *** [Makefile:121: cmTC_dc427/fast] Error 2


Source file was:
#include <pthread.h>

void* test_func(void* data)
{
  return data;
}

int main(void)
{
  pthread_t thread;
  pthread_create(&thread, NULL, test_func, NULL);
  pthread_detach(thread);
  pthread_join(thread, NULL);
  pthread_atfork(NULL, NULL, NULL);
  pthread_exit(NULL);

  return 0;
}

Determining if the function pthread_create exists in the pthreads failed with the following output:
Change Dir: /media/yohello/hrm1/code-stuff/cross-dev/testing/CRender_push/CMakeFiles/CMakeTmp

Run Build Command(s):/usr/bin/make cmTC_ab7ed/fast && /usr/bin/make -f CMakeFiles/cmTC_ab7ed.dir/build.make CMakeFiles/cmTC_ab7ed.dir/build
make[1]: Entering directory '/media/yohello/hrm1/code-stuff/cross-dev/testing/CRender_push/CMakeFiles/CMakeTmp'
Building C object CMakeFiles/cmTC_ab7ed.dir/CheckFunctionExists.c.o
/usr/bin/cc   -DCHECK_FUNCTION_EXISTS=pthread_create   -o CMakeFiles/cmTC_ab7ed.dir/CheckFunctionExists.c.o   -c /usr/share/cmake-3.16/Modules/CheckFunctionExists.c
Linking C executable cmTC_ab7ed
/usr/bin/cmake -E cmake_link_script CMakeFiles/cmTC_ab7ed.dir/link.txt --verbose=1
/usr/bin/cc  -DCHECK_FUNCTION_EXISTS=pthread_create    -rdynamic CMakeFiles/cmTC_ab7ed.dir/CheckFunctionExists.c.o  -o cmTC_ab7ed  -lpthreads 
/usr/bin/ld: cannot find -lpthreads
collect2: error: ld returned 1 exit status
make[1]: *** [CMakeFiles/cmTC_ab7ed.dir/build.make:87: cmTC_ab7ed] Error 1
make[1]: Leaving directory '/media/yohello/hrm1/code-stuff/cross-dev/testing/CRender_push/CMakeFiles/CMakeTmp'
make: *** [Makefile:121: cmTC_ab7ed/fast] Error 2



Determining if the strtod_l exist failed with the following output:
Change Dir: /media/yohello/hrm1/code-stuff/cross-dev/testing/CRender_push/CMakeFiles/CMakeTmp

Run Build Command(s):/usr/bin/make cmTC_9efee/fast && /usr/bin/make -f CMakeFiles/cmTC_9efee.dir/build.make CMakeFiles/cmTC_9efee.dir/build
make[1]: Entering directory '/media/yohello/hrm1/code-stuff/cross-dev/testing/CRender_push/CMakeFiles/CMakeTmp'
Building C object CMakeFiles/cmTC_9efee.dir/CheckSymbolExists.c.o
/usr/bin/cc    -o CMakeFiles/cmTC_9efee.dir/CheckSymbolExists.c.o   -c /media/yohello/hrm1/code-stuff/cross-dev/testing/CRender_push/CMakeFiles/CMakeTmp/CheckSymbolExists.c
/media/yohello/hrm1/code-stuff/cross-dev/testing/CRender_push/CMakeFiles/CMakeTmp/CheckSymbolExists.c: In function ‘main’:
/media/yohello/hrm1/code-stuff/cross-dev/testing/CRender_push/CMakeFiles/CMakeTmp/CheckSymbolExists.c:8:19: error: ‘strtod_l’ undeclared (first use in this function); did you mean ‘strtoull’?
    8 |   return ((int*)(&strtod_l))[argc];
      |                   ^~~~~~~~
      |                   strtoull
/media/yohello/hrm1/code-stuff/cross-dev/testing/CRender_push/CMakeFiles/CMakeTmp/CheckSymbolExists.c:8:19: note: each undeclared identifier is reported only once for each function it appears in
make[1]: *** [CMakeFiles/cmTC_9efee.dir/build.make:66: CMakeFiles/cmTC_9efee.dir/CheckSymbolExists.c.o] Error 1
make[1]: Leaving directory '/media/yohello/hrm1/code-stuff/cross-dev/testing/CRender_push/CMakeFiles/CMakeTmp'
make: *** [Makefile:121: cmTC_9efee/fast] Error 2


File /media/yohello/hrm1/code-stuff/cross-dev/testing/CRender_push/CMakeFiles/CMakeTmp/CheckSymbolExists.c:
/* */
#include <stdlib.h>

int main(int argc, char** argv)
{
  (void)argv;
#ifndef strtod_l
  return ((int*)(&strtod_l))[argc];
#else
  (void)argc;
  return 0;
#endif
}
