The system is: Linux - 5.8.0-59-generic - x86_64
Compiling the C compiler identification source file "CMakeCCompilerId.c" succeeded.
Compiler: /usr/bin/cc 
Build flags: 
Id flags:  

The output was:
0


Compilation of the C compiler identification source "CMakeCCompilerId.c" produced "a.out"

The C compiler identification is GNU, found in "/media/yohello/hrm1/code-stuff/cross-dev/testing/CRender_push/CMakeFiles/3.16.3/CompilerIdC/a.out"

Compiling the CXX compiler identification source file "CMakeCXXCompilerId.cpp" succeeded.
Compiler: /usr/bin/c++ 
Build flags: 
Id flags:  

The output was:
0


Compilation of the CXX compiler identification source "CMakeCXXCompilerId.cpp" produced "a.out"

The CXX compiler identification is GNU, found in "/media/yohello/hrm1/code-stuff/cross-dev/testing/CRender_push/CMakeFiles/3.16.3/CompilerIdCXX/a.out"

Determining if the C compiler works passed with the following output:
Change Dir: /media/yohello/hrm1/code-stuff/cross-dev/testing/CRender_push/CMakeFiles/CMakeTmp

Run Build Command(s):/usr/bin/make cmTC_5cd91/fast && /usr/bin/make -f CMakeFiles/cmTC_5cd91.dir/build.make CMakeFiles/cmTC_5cd91.dir/build
make[1]: Entering directory '/media/yohello/hrm1/code-stuff/cross-dev/testing/CRender_push/CMakeFiles/CMakeTmp'
Building C object CMakeFiles/cmTC_5cd91.dir/testCCompiler.c.o
/usr/bin/cc    -o CMakeFiles/cmTC_5cd91.dir/testCCompiler.c.o   -c /media/yohello/hrm1/code-stuff/cross-dev/testing/CRender_push/CMakeFiles/CMakeTmp/testCCompiler.c
Linking C executable cmTC_5cd91
/usr/bin/cmake -E cmake_link_script CMakeFiles/cmTC_5cd91.dir/link.txt --verbose=1
/usr/bin/cc      CMakeFiles/cmTC_5cd91.dir/testCCompiler.c.o  -o cmTC_5cd91 
make[1]: Leaving directory '/media/yohello/hrm1/code-stuff/cross-dev/testing/CRender_push/CMakeFiles/CMakeTmp'



Detecting C compiler ABI info compiled with the following output:
Change Dir: /media/yohello/hrm1/code-stuff/cross-dev/testing/CRender_push/CMakeFiles/CMakeTmp

Run Build Command(s):/usr/bin/make cmTC_bd5a9/fast && /usr/bin/make -f CMakeFiles/cmTC_bd5a9.dir/build.make CMakeFiles/cmTC_bd5a9.dir/build
make[1]: Entering directory '/media/yohello/hrm1/code-stuff/cross-dev/testing/CRender_push/CMakeFiles/CMakeTmp'
Building C object CMakeFiles/cmTC_bd5a9.dir/CMakeCCompilerABI.c.o
/usr/bin/cc   -v -o CMakeFiles/cmTC_bd5a9.dir/CMakeCCompilerABI.c.o   -c /usr/share/cmake-3.16/Modules/CMakeCCompilerABI.c
Using built-in specs.
COLLECT_GCC=/usr/bin/cc
OFFLOAD_TARGET_NAMES=nvptx-none:hsa
OFFLOAD_TARGET_DEFAULT=1
Target: x86_64-linux-gnu
Configured with: ../src/configure -v --with-pkgversion='Ubuntu 9.3.0-17ubuntu1~20.04' --with-bugurl=file:///usr/share/doc/gcc-9/README.Bugs --enable-languages=c,ada,c++,go,brig,d,fortran,objc,obj-c++,gm2 --prefix=/usr --with-gcc-major-version-only --program-suffix=-9 --program-prefix=x86_64-linux-gnu- --enable-shared --enable-linker-build-id --libexecdir=/usr/lib --without-included-gettext --enable-threads=posix --libdir=/usr/lib --enable-nls --enable-clocale=gnu --enable-libstdcxx-debug --enable-libstdcxx-time=yes --with-default-libstdcxx-abi=new --enable-gnu-unique-object --disable-vtable-verify --enable-plugin --enable-default-pie --with-system-zlib --with-target-system-zlib=auto --enable-objc-gc=auto --enable-multiarch --disable-werror --with-arch-32=i686 --with-abi=m64 --with-multilib-list=m32,m64,mx32 --enable-multilib --with-tune=generic --enable-offload-targets=nvptx-none=/build/gcc-9-HskZEa/gcc-9-9.3.0/debian/tmp-nvptx/usr,hsa --without-cuda-driver --enable-checking=release --build=x86_64-linux-gnu --host=x86_64-linux-gnu --target=x86_64-linux-gnu
Thread model: posix
gcc version 9.3.0 (Ubuntu 9.3.0-17ubuntu1~20.04) 
COLLECT_GCC_OPTIONS='-v' '-o' 'CMakeFiles/cmTC_bd5a9.dir/CMakeCCompilerABI.c.o' '-c' '-mtune=generic' '-march=x86-64'
 /usr/lib/gcc/x86_64-linux-gnu/9/cc1 -quiet -v -imultiarch x86_64-linux-gnu /usr/share/cmake-3.16/Modules/CMakeCCompilerABI.c -quiet -dumpbase CMakeCCompilerABI.c -mtune=generic -march=x86-64 -auxbase-strip CMakeFiles/cmTC_bd5a9.dir/CMakeCCompilerABI.c.o -version -fasynchronous-unwind-tables -fstack-protector-strong -Wformat -Wformat-security -fstack-clash-protection -fcf-protection -o /tmp/ccopQeYO.s
GNU C17 (Ubuntu 9.3.0-17ubuntu1~20.04) version 9.3.0 (x86_64-linux-gnu)
	compiled by GNU C version 9.3.0, GMP version 6.2.0, MPFR version 4.0.2, MPC version 1.1.0, isl version isl-0.22.1-GMP

GGC heuristics: --param ggc-min-expand=100 --param ggc-min-heapsize=131072
ignoring nonexistent directory "/usr/local/include/x86_64-linux-gnu"
ignoring nonexistent directory "/usr/lib/gcc/x86_64-linux-gnu/9/include-fixed"
ignoring nonexistent directory "/usr/lib/gcc/x86_64-linux-gnu/9/../../../../x86_64-linux-gnu/include"
ignoring duplicate directory "/opt/intel/oneapi/ipp/2021.3.0/include"
#include "..." search starts here:
#include <...> search starts here:
 /opt/intel/oneapi/vpl/2021.4.0/include
 /opt/intel/oneapi/tbb/2021.3.0/env/../include
 /opt/intel/oneapi/mpi/2021.3.0//include
 /opt/intel/oneapi/mkl/2021.3.0/include
 /opt/intel/oneapi/ipp/2021.3.0/include
 /opt/intel/oneapi/ippcp/2021.3.0/include
 /opt/intel/oneapi/dpl/2021.4.0/linux/include
 /opt/intel/oneapi/dpcpp-ct/2021.3.0/include
 /opt/intel/oneapi/dnnl/2021.3.0/cpu_dpcpp_gpu_dpcpp/lib
 /opt/intel/oneapi/dev-utilities/2021.3.0/include
 /opt/intel/oneapi/dal/2021.3.0/include
 /opt/intel/oneapi/compiler/2021.3.0/linux/include
 /opt/intel/oneapi/ccl/2021.3.0/include/cpu_gpu_dpcpp
 /usr/lib/gcc/x86_64-linux-gnu/9/include
 /usr/local/include
 /usr/include/x86_64-linux-gnu
 /usr/include
End of search list.
GNU C17 (Ubuntu 9.3.0-17ubuntu1~20.04) version 9.3.0 (x86_64-linux-gnu)
	compiled by GNU C version 9.3.0, GMP version 6.2.0, MPFR version 4.0.2, MPC version 1.1.0, isl version isl-0.22.1-GMP

GGC heuristics: --param ggc-min-expand=100 --param ggc-min-heapsize=131072
Compiler executable checksum: bbf13931d8de1abe14040c9909cb6969
COLLECT_GCC_OPTIONS='-v' '-o' 'CMakeFiles/cmTC_bd5a9.dir/CMakeCCompilerABI.c.o' '-c' '-mtune=generic' '-march=x86-64'
 as -v --64 -o CMakeFiles/cmTC_bd5a9.dir/CMakeCCompilerABI.c.o /tmp/ccopQeYO.s
GNU assembler version 2.34 (x86_64-linux-gnu) using BFD version (GNU Binutils for Ubuntu) 2.34
COMPILER_PATH=/usr/lib/gcc/x86_64-linux-gnu/9/:/usr/lib/gcc/x86_64-linux-gnu/9/:/usr/lib/gcc/x86_64-linux-gnu/:/usr/lib/gcc/x86_64-linux-gnu/9/:/usr/lib/gcc/x86_64-linux-gnu/
LIBRARY_PATH=/opt/intel/oneapi/vpl/2021.4.0/lib/../lib/:/opt/intel/oneapi/mpi/2021.3.0//libfabric/lib/../lib/:/opt/intel/oneapi/mpi/2021.3.0//lib/../lib/:/opt/intel/oneapi/dnnl/2021.3.0/cpu_dpcpp_gpu_dpcpp/lib/../lib/:/opt/intel/oneapi/compiler/2021.3.0/linux/lib/../lib/:/usr/lib/gcc/x86_64-linux-gnu/9/:/usr/lib/gcc/x86_64-linux-gnu/9/../../../x86_64-linux-gnu/:/usr/lib/gcc/x86_64-linux-gnu/9/../../../../lib/:/lib/x86_64-linux-gnu/:/lib/../lib/:/usr/lib/x86_64-linux-gnu/:/usr/lib/../lib/:/opt/intel/oneapi/vpl/2021.4.0/lib/:/opt/intel/oneapi/tbb/2021.3.0/env/../lib/intel64/gcc4.8/:/opt/intel/oneapi/mpi/2021.3.0//libfabric/lib/:/opt/intel/oneapi/mpi/2021.3.0//lib/release/:/opt/intel/oneapi/mpi/2021.3.0//lib/:/opt/intel/oneapi/mkl/2021.3.0/lib/intel64/:/opt/intel/oneapi/ipp/2021.3.0/lib/intel64/:/opt/intel/oneapi/ippcp/2021.3.0/lib/intel64/:/opt/intel/oneapi/ipp/2021.3.0/lib/intel64/:/opt/intel/oneapi/dnnl/2021.3.0/cpu_dpcpp_gpu_dpcpp/lib/:/opt/intel/oneapi/dal/2021.3.0/lib/intel64/:/opt/intel/oneapi/compiler/2021.3.0/linux/compiler/lib/intel64_lin/:/opt/intel/oneapi/compiler/2021.3.0/linux/lib/:/opt/intel/oneapi/ccl/2021.3.0/lib/cpu_gpu_dpcpp/:/usr/lib/gcc/x86_64-linux-gnu/9/../../../:/lib/:/usr/lib/
COLLECT_GCC_OPTIONS='-v' '-o' 'CMakeFiles/cmTC_bd5a9.dir/CMakeCCompilerABI.c.o' '-c' '-mtune=generic' '-march=x86-64'
Linking C executable cmTC_bd5a9
/usr/bin/cmake -E cmake_link_script CMakeFiles/cmTC_bd5a9.dir/link.txt --verbose=1
/usr/bin/cc     -v CMakeFiles/cmTC_bd5a9.dir/CMakeCCompilerABI.c.o  -o cmTC_bd5a9 
Using built-in specs.
COLLECT_GCC=/usr/bin/cc
COLLECT_LTO_WRAPPER=/usr/lib/gcc/x86_64-linux-gnu/9/lto-wrapper
OFFLOAD_TARGET_NAMES=nvptx-none:hsa
OFFLOAD_TARGET_DEFAULT=1
Target: x86_64-linux-gnu
Configured with: ../src/configure -v --with-pkgversion='Ubuntu 9.3.0-17ubuntu1~20.04' --with-bugurl=file:///usr/share/doc/gcc-9/README.Bugs --enable-languages=c,ada,c++,go,brig,d,fortran,objc,obj-c++,gm2 --prefix=/usr --with-gcc-major-version-only --program-suffix=-9 --program-prefix=x86_64-linux-gnu- --enable-shared --enable-linker-build-id --libexecdir=/usr/lib --without-included-gettext --enable-threads=posix --libdir=/usr/lib --enable-nls --enable-clocale=gnu --enable-libstdcxx-debug --enable-libstdcxx-time=yes --with-default-libstdcxx-abi=new --enable-gnu-unique-object --disable-vtable-verify --enable-plugin --enable-default-pie --with-system-zlib --with-target-system-zlib=auto --enable-objc-gc=auto --enable-multiarch --disable-werror --with-arch-32=i686 --with-abi=m64 --with-multilib-list=m32,m64,mx32 --enable-multilib --with-tune=generic --enable-offload-targets=nvptx-none=/build/gcc-9-HskZEa/gcc-9-9.3.0/debian/tmp-nvptx/usr,hsa --without-cuda-driver --enable-checking=release --build=x86_64-linux-gnu --host=x86_64-linux-gnu --target=x86_64-linux-gnu
Thread model: posix
gcc version 9.3.0 (Ubuntu 9.3.0-17ubuntu1~20.04) 
COMPILER_PATH=/usr/lib/gcc/x86_64-linux-gnu/9/:/usr/lib/gcc/x86_64-linux-gnu/9/:/usr/lib/gcc/x86_64-linux-gnu/:/usr/lib/gcc/x86_64-linux-gnu/9/:/usr/lib/gcc/x86_64-linux-gnu/
LIBRARY_PATH=/opt/intel/oneapi/vpl/2021.4.0/lib/../lib/:/opt/intel/oneapi/mpi/2021.3.0//libfabric/lib/../lib/:/opt/intel/oneapi/mpi/2021.3.0//lib/../lib/:/opt/intel/oneapi/dnnl/2021.3.0/cpu_dpcpp_gpu_dpcpp/lib/../lib/:/opt/intel/oneapi/compiler/2021.3.0/linux/lib/../lib/:/usr/lib/gcc/x86_64-linux-gnu/9/:/usr/lib/gcc/x86_64-linux-gnu/9/../../../x86_64-linux-gnu/:/usr/lib/gcc/x86_64-linux-gnu/9/../../../../lib/:/lib/x86_64-linux-gnu/:/lib/../lib/:/usr/lib/x86_64-linux-gnu/:/usr/lib/../lib/:/opt/intel/oneapi/vpl/2021.4.0/lib/:/opt/intel/oneapi/tbb/2021.3.0/env/../lib/intel64/gcc4.8/:/opt/intel/oneapi/mpi/2021.3.0//libfabric/lib/:/opt/intel/oneapi/mpi/2021.3.0//lib/release/:/opt/intel/oneapi/mpi/2021.3.0//lib/:/opt/intel/oneapi/mkl/2021.3.0/lib/intel64/:/opt/intel/oneapi/ipp/2021.3.0/lib/intel64/:/opt/intel/oneapi/ippcp/2021.3.0/lib/intel64/:/opt/intel/oneapi/ipp/2021.3.0/lib/intel64/:/opt/intel/oneapi/dnnl/2021.3.0/cpu_dpcpp_gpu_dpcpp/lib/:/opt/intel/oneapi/dal/2021.3.0/lib/intel64/:/opt/intel/oneapi/compiler/2021.3.0/linux/compiler/lib/intel64_lin/:/opt/intel/oneapi/compiler/2021.3.0/linux/lib/:/opt/intel/oneapi/ccl/2021.3.0/lib/cpu_gpu_dpcpp/:/usr/lib/gcc/x86_64-linux-gnu/9/../../../:/lib/:/usr/lib/
COLLECT_GCC_OPTIONS='-v' '-o' 'cmTC_bd5a9' '-mtune=generic' '-march=x86-64'
 /usr/lib/gcc/x86_64-linux-gnu/9/collect2 -plugin /usr/lib/gcc/x86_64-linux-gnu/9/liblto_plugin.so -plugin-opt=/usr/lib/gcc/x86_64-linux-gnu/9/lto-wrapper -plugin-opt=-fresolution=/tmp/ccd1w84f.res -plugin-opt=-pass-through=-lgcc -plugin-opt=-pass-through=-lgcc_s -plugin-opt=-pass-through=-lc -plugin-opt=-pass-through=-lgcc -plugin-opt=-pass-through=-lgcc_s --build-id --eh-frame-hdr -m elf_x86_64 --hash-style=gnu --as-needed -dynamic-linker /lib64/ld-linux-x86-64.so.2 -pie -z now -z relro -o cmTC_bd5a9 /usr/lib/gcc/x86_64-linux-gnu/9/../../../x86_64-linux-gnu/Scrt1.o /usr/lib/gcc/x86_64-linux-gnu/9/../../../x86_64-linux-gnu/crti.o /usr/lib/gcc/x86_64-linux-gnu/9/crtbeginS.o -L/opt/intel/oneapi/vpl/2021.4.0/lib/../lib -L/opt/intel/oneapi/mpi/2021.3.0//libfabric/lib/../lib -L/opt/intel/oneapi/mpi/2021.3.0//lib/../lib -L/opt/intel/oneapi/dnnl/2021.3.0/cpu_dpcpp_gpu_dpcpp/lib/../lib -L/opt/intel/oneapi/compiler/2021.3.0/linux/lib/../lib -L/usr/lib/gcc/x86_64-linux-gnu/9 -L/usr/lib/gcc/x86_64-linux-gnu/9/../../../x86_64-linux-gnu -L/usr/lib/gcc/x86_64-linux-gnu/9/../../../../lib -L/lib/x86_64-linux-gnu -L/lib/../lib -L/usr/lib/x86_64-linux-gnu -L/usr/lib/../lib -L/opt/intel/oneapi/vpl/2021.4.0/lib -L/opt/intel/oneapi/tbb/2021.3.0/env/../lib/intel64/gcc4.8 -L/opt/intel/oneapi/mpi/2021.3.0//libfabric/lib -L/opt/intel/oneapi/mpi/2021.3.0//lib/release -L/opt/intel/oneapi/mpi/2021.3.0//lib -L/opt/intel/oneapi/mkl/2021.3.0/lib/intel64 -L/opt/intel/oneapi/ipp/2021.3.0/lib/intel64 -L/opt/intel/oneapi/ippcp/2021.3.0/lib/intel64 -L/opt/intel/oneapi/ipp/2021.3.0/lib/intel64 -L/opt/intel/oneapi/dnnl/2021.3.0/cpu_dpcpp_gpu_dpcpp/lib -L/opt/intel/oneapi/dal/2021.3.0/lib/intel64 -L/opt/intel/oneapi/compiler/2021.3.0/linux/compiler/lib/intel64_lin -L/opt/intel/oneapi/compiler/2021.3.0/linux/lib -L/opt/intel/oneapi/ccl/2021.3.0/lib/cpu_gpu_dpcpp -L/usr/lib/gcc/x86_64-linux-gnu/9/../../.. CMakeFiles/cmTC_bd5a9.dir/CMakeCCompilerABI.c.o -lgcc --push-state --as-needed -lgcc_s --pop-state -lc -lgcc --push-state --as-needed -lgcc_s --pop-state /usr/lib/gcc/x86_64-linux-gnu/9/crtendS.o /usr/lib/gcc/x86_64-linux-gnu/9/../../../x86_64-linux-gnu/crtn.o
COLLECT_GCC_OPTIONS='-v' '-o' 'cmTC_bd5a9' '-mtune=generic' '-march=x86-64'
make[1]: Leaving directory '/media/yohello/hrm1/code-stuff/cross-dev/testing/CRender_push/CMakeFiles/CMakeTmp'



Parsed C implicit include dir info from above output: rv=done
  found start of include info
  found start of implicit include info
    add: [/opt/intel/oneapi/vpl/2021.4.0/include]
    add: [/opt/intel/oneapi/tbb/2021.3.0/env/../include]
    add: [/opt/intel/oneapi/mpi/2021.3.0//include]
    add: [/opt/intel/oneapi/mkl/2021.3.0/include]
    add: [/opt/intel/oneapi/ipp/2021.3.0/include]
    add: [/opt/intel/oneapi/ippcp/2021.3.0/include]
    add: [/opt/intel/oneapi/dpl/2021.4.0/linux/include]
    add: [/opt/intel/oneapi/dpcpp-ct/2021.3.0/include]
    add: [/opt/intel/oneapi/dnnl/2021.3.0/cpu_dpcpp_gpu_dpcpp/lib]
    add: [/opt/intel/oneapi/dev-utilities/2021.3.0/include]
    add: [/opt/intel/oneapi/dal/2021.3.0/include]
    add: [/opt/intel/oneapi/compiler/2021.3.0/linux/include]
    add: [/opt/intel/oneapi/ccl/2021.3.0/include/cpu_gpu_dpcpp]
    add: [/usr/lib/gcc/x86_64-linux-gnu/9/include]
    add: [/usr/local/include]
    add: [/usr/include/x86_64-linux-gnu]
    add: [/usr/include]
  end of search list found
  collapse include dir [/opt/intel/oneapi/vpl/2021.4.0/include] ==> [/opt/intel/oneapi/vpl/2021.4.0/include]
  collapse include dir [/opt/intel/oneapi/tbb/2021.3.0/env/../include] ==> [/opt/intel/oneapi/tbb/2021.3.0/include]
  collapse include dir [/opt/intel/oneapi/mpi/2021.3.0//include] ==> [/opt/intel/oneapi/mpi/2021.3.0/include]
  collapse include dir [/opt/intel/oneapi/mkl/2021.3.0/include] ==> [/opt/intel/oneapi/mkl/2021.3.0/include]
  collapse include dir [/opt/intel/oneapi/ipp/2021.3.0/include] ==> [/opt/intel/oneapi/ipp/2021.3.0/include]
  collapse include dir [/opt/intel/oneapi/ippcp/2021.3.0/include] ==> [/opt/intel/oneapi/ippcp/2021.3.0/include]
  collapse include dir [/opt/intel/oneapi/dpl/2021.4.0/linux/include] ==> [/opt/intel/oneapi/dpl/2021.4.0/linux/include]
  collapse include dir [/opt/intel/oneapi/dpcpp-ct/2021.3.0/include] ==> [/opt/intel/oneapi/dpcpp-ct/2021.3.0/include]
  collapse include dir [/opt/intel/oneapi/dnnl/2021.3.0/cpu_dpcpp_gpu_dpcpp/lib] ==> [/opt/intel/oneapi/dnnl/2021.3.0/cpu_dpcpp_gpu_dpcpp/lib]
  collapse include dir [/opt/intel/oneapi/dev-utilities/2021.3.0/include] ==> [/opt/intel/oneapi/dev-utilities/2021.3.0/include]
  collapse include dir [/opt/intel/oneapi/dal/2021.3.0/include] ==> [/opt/intel/oneapi/dal/2021.3.0/include]
  collapse include dir [/opt/intel/oneapi/compiler/2021.3.0/linux/include] ==> [/opt/intel/oneapi/compiler/2021.3.0/linux/include]
  collapse include dir [/opt/intel/oneapi/ccl/2021.3.0/include/cpu_gpu_dpcpp] ==> [/opt/intel/oneapi/ccl/2021.3.0/include/cpu_gpu_dpcpp]
  collapse include dir [/usr/lib/gcc/x86_64-linux-gnu/9/include] ==> [/usr/lib/gcc/x86_64-linux-gnu/9/include]
  collapse include dir [/usr/local/include] ==> [/usr/local/include]
  collapse include dir [/usr/include/x86_64-linux-gnu] ==> [/usr/include/x86_64-linux-gnu]
  collapse include dir [/usr/include] ==> [/usr/include]
  implicit include dirs: [/opt/intel/oneapi/vpl/2021.4.0/include;/opt/intel/oneapi/tbb/2021.3.0/include;/opt/intel/oneapi/mpi/2021.3.0/include;/opt/intel/oneapi/mkl/2021.3.0/include;/opt/intel/oneapi/ipp/2021.3.0/include;/opt/intel/oneapi/ippcp/2021.3.0/include;/opt/intel/oneapi/dpl/2021.4.0/linux/include;/opt/intel/oneapi/dpcpp-ct/2021.3.0/include;/opt/intel/oneapi/dnnl/2021.3.0/cpu_dpcpp_gpu_dpcpp/lib;/opt/intel/oneapi/dev-utilities/2021.3.0/include;/opt/intel/oneapi/dal/2021.3.0/include;/opt/intel/oneapi/compiler/2021.3.0/linux/include;/opt/intel/oneapi/ccl/2021.3.0/include/cpu_gpu_dpcpp;/usr/lib/gcc/x86_64-linux-gnu/9/include;/usr/local/include;/usr/include/x86_64-linux-gnu;/usr/include]


Parsed C implicit link information from above output:
  link line regex: [^( *|.*[/\])(ld|CMAKE_LINK_STARTFILE-NOTFOUND|([^/\]+-)?ld|collect2)[^/\]*( |$)]
  ignore line: [Change Dir: /media/yohello/hrm1/code-stuff/cross-dev/testing/CRender_push/CMakeFiles/CMakeTmp]
  ignore line: []
  ignore line: [Run Build Command(s):/usr/bin/make cmTC_bd5a9/fast && /usr/bin/make -f CMakeFiles/cmTC_bd5a9.dir/build.make CMakeFiles/cmTC_bd5a9.dir/build]
  ignore line: [make[1]: Entering directory '/media/yohello/hrm1/code-stuff/cross-dev/testing/CRender_push/CMakeFiles/CMakeTmp']
  ignore line: [Building C object CMakeFiles/cmTC_bd5a9.dir/CMakeCCompilerABI.c.o]
  ignore line: [/usr/bin/cc   -v -o CMakeFiles/cmTC_bd5a9.dir/CMakeCCompilerABI.c.o   -c /usr/share/cmake-3.16/Modules/CMakeCCompilerABI.c]
  ignore line: [Using built-in specs.]
  ignore line: [COLLECT_GCC=/usr/bin/cc]
  ignore line: [OFFLOAD_TARGET_NAMES=nvptx-none:hsa]
  ignore line: [OFFLOAD_TARGET_DEFAULT=1]
  ignore line: [Target: x86_64-linux-gnu]
  ignore line: [Configured with: ../src/configure -v --with-pkgversion='Ubuntu 9.3.0-17ubuntu1~20.04' --with-bugurl=file:///usr/share/doc/gcc-9/README.Bugs --enable-languages=c ada c++ go brig d fortran objc obj-c++ gm2 --prefix=/usr --with-gcc-major-version-only --program-suffix=-9 --program-prefix=x86_64-linux-gnu- --enable-shared --enable-linker-build-id --libexecdir=/usr/lib --without-included-gettext --enable-threads=posix --libdir=/usr/lib --enable-nls --enable-clocale=gnu --enable-libstdcxx-debug --enable-libstdcxx-time=yes --with-default-libstdcxx-abi=new --enable-gnu-unique-object --disable-vtable-verify --enable-plugin --enable-default-pie --with-system-zlib --with-target-system-zlib=auto --enable-objc-gc=auto --enable-multiarch --disable-werror --with-arch-32=i686 --with-abi=m64 --with-multilib-list=m32 m64 mx32 --enable-multilib --with-tune=generic --enable-offload-targets=nvptx-none=/build/gcc-9-HskZEa/gcc-9-9.3.0/debian/tmp-nvptx/usr hsa --without-cuda-driver --enable-checking=release --build=x86_64-linux-gnu --host=x86_64-linux-gnu --target=x86_64-linux-gnu]
  ignore line: [Thread model: posix]
  ignore line: [gcc version 9.3.0 (Ubuntu 9.3.0-17ubuntu1~20.04) ]
  ignore line: [COLLECT_GCC_OPTIONS='-v' '-o' 'CMakeFiles/cmTC_bd5a9.dir/CMakeCCompilerABI.c.o' '-c' '-mtune=generic' '-march=x86-64']
  ignore line: [ /usr/lib/gcc/x86_64-linux-gnu/9/cc1 -quiet -v -imultiarch x86_64-linux-gnu /usr/share/cmake-3.16/Modules/CMakeCCompilerABI.c -quiet -dumpbase CMakeCCompilerABI.c -mtune=generic -march=x86-64 -auxbase-strip CMakeFiles/cmTC_bd5a9.dir/CMakeCCompilerABI.c.o -version -fasynchronous-unwind-tables -fstack-protector-strong -Wformat -Wformat-security -fstack-clash-protection -fcf-protection -o /tmp/ccopQeYO.s]
  ignore line: [GNU C17 (Ubuntu 9.3.0-17ubuntu1~20.04) version 9.3.0 (x86_64-linux-gnu)]
  ignore line: [	compiled by GNU C version 9.3.0  GMP version 6.2.0  MPFR version 4.0.2  MPC version 1.1.0  isl version isl-0.22.1-GMP]
  ignore line: []
  ignore line: [GGC heuristics: --param ggc-min-expand=100 --param ggc-min-heapsize=131072]
  ignore line: [ignoring nonexistent directory "/usr/local/include/x86_64-linux-gnu"]
  ignore line: [ignoring nonexistent directory "/usr/lib/gcc/x86_64-linux-gnu/9/include-fixed"]
  ignore line: [ignoring nonexistent directory "/usr/lib/gcc/x86_64-linux-gnu/9/../../../../x86_64-linux-gnu/include"]
  ignore line: [ignoring duplicate directory "/opt/intel/oneapi/ipp/2021.3.0/include"]
  ignore line: [#include "..." search starts here:]
  ignore line: [#include <...> search starts here:]
  ignore line: [ /opt/intel/oneapi/vpl/2021.4.0/include]
  ignore line: [ /opt/intel/oneapi/tbb/2021.3.0/env/../include]
  ignore line: [ /opt/intel/oneapi/mpi/2021.3.0//include]
  ignore line: [ /opt/intel/oneapi/mkl/2021.3.0/include]
  ignore line: [ /opt/intel/oneapi/ipp/2021.3.0/include]
  ignore line: [ /opt/intel/oneapi/ippcp/2021.3.0/include]
  ignore line: [ /opt/intel/oneapi/dpl/2021.4.0/linux/include]
  ignore line: [ /opt/intel/oneapi/dpcpp-ct/2021.3.0/include]
  ignore line: [ /opt/intel/oneapi/dnnl/2021.3.0/cpu_dpcpp_gpu_dpcpp/lib]
  ignore line: [ /opt/intel/oneapi/dev-utilities/2021.3.0/include]
  ignore line: [ /opt/intel/oneapi/dal/2021.3.0/include]
  ignore line: [ /opt/intel/oneapi/compiler/2021.3.0/linux/include]
  ignore line: [ /opt/intel/oneapi/ccl/2021.3.0/include/cpu_gpu_dpcpp]
  ignore line: [ /usr/lib/gcc/x86_64-linux-gnu/9/include]
  ignore line: [ /usr/local/include]
  ignore line: [ /usr/include/x86_64-linux-gnu]
  ignore line: [ /usr/include]
  ignore line: [End of search list.]
  ignore line: [GNU C17 (Ubuntu 9.3.0-17ubuntu1~20.04) version 9.3.0 (x86_64-linux-gnu)]
  ignore line: [	compiled by GNU C version 9.3.0  GMP version 6.2.0  MPFR version 4.0.2  MPC version 1.1.0  isl version isl-0.22.1-GMP]
  ignore line: []
  ignore line: [GGC heuristics: --param ggc-min-expand=100 --param ggc-min-heapsize=131072]
  ignore line: [Compiler executable checksum: bbf13931d8de1abe14040c9909cb6969]
  ignore line: [COLLECT_GCC_OPTIONS='-v' '-o' 'CMakeFiles/cmTC_bd5a9.dir/CMakeCCompilerABI.c.o' '-c' '-mtune=generic' '-march=x86-64']
  ignore line: [ as -v --64 -o CMakeFiles/cmTC_bd5a9.dir/CMakeCCompilerABI.c.o /tmp/ccopQeYO.s]
  ignore line: [GNU assembler version 2.34 (x86_64-linux-gnu) using BFD version (GNU Binutils for Ubuntu) 2.34]
  ignore line: [COMPILER_PATH=/usr/lib/gcc/x86_64-linux-gnu/9/:/usr/lib/gcc/x86_64-linux-gnu/9/:/usr/lib/gcc/x86_64-linux-gnu/:/usr/lib/gcc/x86_64-linux-gnu/9/:/usr/lib/gcc/x86_64-linux-gnu/]
  ignore line: [LIBRARY_PATH=/opt/intel/oneapi/vpl/2021.4.0/lib/../lib/:/opt/intel/oneapi/mpi/2021.3.0//libfabric/lib/../lib/:/opt/intel/oneapi/mpi/2021.3.0//lib/../lib/:/opt/intel/oneapi/dnnl/2021.3.0/cpu_dpcpp_gpu_dpcpp/lib/../lib/:/opt/intel/oneapi/compiler/2021.3.0/linux/lib/../lib/:/usr/lib/gcc/x86_64-linux-gnu/9/:/usr/lib/gcc/x86_64-linux-gnu/9/../../../x86_64-linux-gnu/:/usr/lib/gcc/x86_64-linux-gnu/9/../../../../lib/:/lib/x86_64-linux-gnu/:/lib/../lib/:/usr/lib/x86_64-linux-gnu/:/usr/lib/../lib/:/opt/intel/oneapi/vpl/2021.4.0/lib/:/opt/intel/oneapi/tbb/2021.3.0/env/../lib/intel64/gcc4.8/:/opt/intel/oneapi/mpi/2021.3.0//libfabric/lib/:/opt/intel/oneapi/mpi/2021.3.0//lib/release/:/opt/intel/oneapi/mpi/2021.3.0//lib/:/opt/intel/oneapi/mkl/2021.3.0/lib/intel64/:/opt/intel/oneapi/ipp/2021.3.0/lib/intel64/:/opt/intel/oneapi/ippcp/2021.3.0/lib/intel64/:/opt/intel/oneapi/ipp/2021.3.0/lib/intel64/:/opt/intel/oneapi/dnnl/2021.3.0/cpu_dpcpp_gpu_dpcpp/lib/:/opt/intel/oneapi/dal/2021.3.0/lib/intel64/:/opt/intel/oneapi/compiler/2021.3.0/linux/compiler/lib/intel64_lin/:/opt/intel/oneapi/compiler/2021.3.0/linux/lib/:/opt/intel/oneapi/ccl/2021.3.0/lib/cpu_gpu_dpcpp/:/usr/lib/gcc/x86_64-linux-gnu/9/../../../:/lib/:/usr/lib/]
  ignore line: [COLLECT_GCC_OPTIONS='-v' '-o' 'CMakeFiles/cmTC_bd5a9.dir/CMakeCCompilerABI.c.o' '-c' '-mtune=generic' '-march=x86-64']
  ignore line: [Linking C executable cmTC_bd5a9]
  ignore line: [/usr/bin/cmake -E cmake_link_script CMakeFiles/cmTC_bd5a9.dir/link.txt --verbose=1]
  ignore line: [/usr/bin/cc     -v CMakeFiles/cmTC_bd5a9.dir/CMakeCCompilerABI.c.o  -o cmTC_bd5a9 ]
  ignore line: [Using built-in specs.]
  ignore line: [COLLECT_GCC=/usr/bin/cc]
  ignore line: [COLLECT_LTO_WRAPPER=/usr/lib/gcc/x86_64-linux-gnu/9/lto-wrapper]
  ignore line: [OFFLOAD_TARGET_NAMES=nvptx-none:hsa]
  ignore line: [OFFLOAD_TARGET_DEFAULT=1]
  ignore line: [Target: x86_64-linux-gnu]
  ignore line: [Configured with: ../src/configure -v --with-pkgversion='Ubuntu 9.3.0-17ubuntu1~20.04' --with-bugurl=file:///usr/share/doc/gcc-9/README.Bugs --enable-languages=c ada c++ go brig d fortran objc obj-c++ gm2 --prefix=/usr --with-gcc-major-version-only --program-suffix=-9 --program-prefix=x86_64-linux-gnu- --enable-shared --enable-linker-build-id --libexecdir=/usr/lib --without-included-gettext --enable-threads=posix --libdir=/usr/lib --enable-nls --enable-clocale=gnu --enable-libstdcxx-debug --enable-libstdcxx-time=yes --with-default-libstdcxx-abi=new --enable-gnu-unique-object --disable-vtable-verify --enable-plugin --enable-default-pie --with-system-zlib --with-target-system-zlib=auto --enable-objc-gc=auto --enable-multiarch --disable-werror --with-arch-32=i686 --with-abi=m64 --with-multilib-list=m32 m64 mx32 --enable-multilib --with-tune=generic --enable-offload-targets=nvptx-none=/build/gcc-9-HskZEa/gcc-9-9.3.0/debian/tmp-nvptx/usr hsa --without-cuda-driver --enable-checking=release --build=x86_64-linux-gnu --host=x86_64-linux-gnu --target=x86_64-linux-gnu]
  ignore line: [Thread model: posix]
  ignore line: [gcc version 9.3.0 (Ubuntu 9.3.0-17ubuntu1~20.04) ]
  ignore line: [COMPILER_PATH=/usr/lib/gcc/x86_64-linux-gnu/9/:/usr/lib/gcc/x86_64-linux-gnu/9/:/usr/lib/gcc/x86_64-linux-gnu/:/usr/lib/gcc/x86_64-linux-gnu/9/:/usr/lib/gcc/x86_64-linux-gnu/]
  ignore line: [LIBRARY_PATH=/opt/intel/oneapi/vpl/2021.4.0/lib/../lib/:/opt/intel/oneapi/mpi/2021.3.0//libfabric/lib/../lib/:/opt/intel/oneapi/mpi/2021.3.0//lib/../lib/:/opt/intel/oneapi/dnnl/2021.3.0/cpu_dpcpp_gpu_dpcpp/lib/../lib/:/opt/intel/oneapi/compiler/2021.3.0/linux/lib/../lib/:/usr/lib/gcc/x86_64-linux-gnu/9/:/usr/lib/gcc/x86_64-linux-gnu/9/../../../x86_64-linux-gnu/:/usr/lib/gcc/x86_64-linux-gnu/9/../../../../lib/:/lib/x86_64-linux-gnu/:/lib/../lib/:/usr/lib/x86_64-linux-gnu/:/usr/lib/../lib/:/opt/intel/oneapi/vpl/2021.4.0/lib/:/opt/intel/oneapi/tbb/2021.3.0/env/../lib/intel64/gcc4.8/:/opt/intel/oneapi/mpi/2021.3.0//libfabric/lib/:/opt/intel/oneapi/mpi/2021.3.0//lib/release/:/opt/intel/oneapi/mpi/2021.3.0//lib/:/opt/intel/oneapi/mkl/2021.3.0/lib/intel64/:/opt/intel/oneapi/ipp/2021.3.0/lib/intel64/:/opt/intel/oneapi/ippcp/2021.3.0/lib/intel64/:/opt/intel/oneapi/ipp/2021.3.0/lib/intel64/:/opt/intel/oneapi/dnnl/2021.3.0/cpu_dpcpp_gpu_dpcpp/lib/:/opt/intel/oneapi/dal/2021.3.0/lib/intel64/:/opt/intel/oneapi/compiler/2021.3.0/linux/compiler/lib/intel64_lin/:/opt/intel/oneapi/compiler/2021.3.0/linux/lib/:/opt/intel/oneapi/ccl/2021.3.0/lib/cpu_gpu_dpcpp/:/usr/lib/gcc/x86_64-linux-gnu/9/../../../:/lib/:/usr/lib/]
  ignore line: [COLLECT_GCC_OPTIONS='-v' '-o' 'cmTC_bd5a9' '-mtune=generic' '-march=x86-64']
  link line: [ /usr/lib/gcc/x86_64-linux-gnu/9/collect2 -plugin /usr/lib/gcc/x86_64-linux-gnu/9/liblto_plugin.so -plugin-opt=/usr/lib/gcc/x86_64-linux-gnu/9/lto-wrapper -plugin-opt=-fresolution=/tmp/ccd1w84f.res -plugin-opt=-pass-through=-lgcc -plugin-opt=-pass-through=-lgcc_s -plugin-opt=-pass-through=-lc -plugin-opt=-pass-through=-lgcc -plugin-opt=-pass-through=-lgcc_s --build-id --eh-frame-hdr -m elf_x86_64 --hash-style=gnu --as-needed -dynamic-linker /lib64/ld-linux-x86-64.so.2 -pie -z now -z relro -o cmTC_bd5a9 /usr/lib/gcc/x86_64-linux-gnu/9/../../../x86_64-linux-gnu/Scrt1.o /usr/lib/gcc/x86_64-linux-gnu/9/../../../x86_64-linux-gnu/crti.o /usr/lib/gcc/x86_64-linux-gnu/9/crtbeginS.o -L/opt/intel/oneapi/vpl/2021.4.0/lib/../lib -L/opt/intel/oneapi/mpi/2021.3.0//libfabric/lib/../lib -L/opt/intel/oneapi/mpi/2021.3.0//lib/../lib -L/opt/intel/oneapi/dnnl/2021.3.0/cpu_dpcpp_gpu_dpcpp/lib/../lib -L/opt/intel/oneapi/compiler/2021.3.0/linux/lib/../lib -L/usr/lib/gcc/x86_64-linux-gnu/9 -L/usr/lib/gcc/x86_64-linux-gnu/9/../../../x86_64-linux-gnu -L/usr/lib/gcc/x86_64-linux-gnu/9/../../../../lib -L/lib/x86_64-linux-gnu -L/lib/../lib -L/usr/lib/x86_64-linux-gnu -L/usr/lib/../lib -L/opt/intel/oneapi/vpl/2021.4.0/lib -L/opt/intel/oneapi/tbb/2021.3.0/env/../lib/intel64/gcc4.8 -L/opt/intel/oneapi/mpi/2021.3.0//libfabric/lib -L/opt/intel/oneapi/mpi/2021.3.0//lib/release -L/opt/intel/oneapi/mpi/2021.3.0//lib -L/opt/intel/oneapi/mkl/2021.3.0/lib/intel64 -L/opt/intel/oneapi/ipp/2021.3.0/lib/intel64 -L/opt/intel/oneapi/ippcp/2021.3.0/lib/intel64 -L/opt/intel/oneapi/ipp/2021.3.0/lib/intel64 -L/opt/intel/oneapi/dnnl/2021.3.0/cpu_dpcpp_gpu_dpcpp/lib -L/opt/intel/oneapi/dal/2021.3.0/lib/intel64 -L/opt/intel/oneapi/compiler/2021.3.0/linux/compiler/lib/intel64_lin -L/opt/intel/oneapi/compiler/2021.3.0/linux/lib -L/opt/intel/oneapi/ccl/2021.3.0/lib/cpu_gpu_dpcpp -L/usr/lib/gcc/x86_64-linux-gnu/9/../../.. CMakeFiles/cmTC_bd5a9.dir/CMakeCCompilerABI.c.o -lgcc --push-state --as-needed -lgcc_s --pop-state -lc -lgcc --push-state --as-needed -lgcc_s --pop-state /usr/lib/gcc/x86_64-linux-gnu/9/crtendS.o /usr/lib/gcc/x86_64-linux-gnu/9/../../../x86_64-linux-gnu/crtn.o]
    arg [/usr/lib/gcc/x86_64-linux-gnu/9/collect2] ==> ignore
    arg [-plugin] ==> ignore
    arg [/usr/lib/gcc/x86_64-linux-gnu/9/liblto_plugin.so] ==> ignore
    arg [-plugin-opt=/usr/lib/gcc/x86_64-linux-gnu/9/lto-wrapper] ==> ignore
    arg [-plugin-opt=-fresolution=/tmp/ccd1w84f.res] ==> ignore
    arg [-plugin-opt=-pass-through=-lgcc] ==> ignore
    arg [-plugin-opt=-pass-through=-lgcc_s] ==> ignore
    arg [-plugin-opt=-pass-through=-lc] ==> ignore
    arg [-plugin-opt=-pass-through=-lgcc] ==> ignore
    arg [-plugin-opt=-pass-through=-lgcc_s] ==> ignore
    arg [--build-id] ==> ignore
    arg [--eh-frame-hdr] ==> ignore
    arg [-m] ==> ignore
    arg [elf_x86_64] ==> ignore
    arg [--hash-style=gnu] ==> ignore
    arg [--as-needed] ==> ignore
    arg [-dynamic-linker] ==> ignore
    arg [/lib64/ld-linux-x86-64.so.2] ==> ignore
    arg [-pie] ==> ignore
    arg [-znow] ==> ignore
    arg [-zrelro] ==> ignore
    arg [-o] ==> ignore
    arg [cmTC_bd5a9] ==> ignore
    arg [/usr/lib/gcc/x86_64-linux-gnu/9/../../../x86_64-linux-gnu/Scrt1.o] ==> ignore
    arg [/usr/lib/gcc/x86_64-linux-gnu/9/../../../x86_64-linux-gnu/crti.o] ==> ignore
    arg [/usr/lib/gcc/x86_64-linux-gnu/9/crtbeginS.o] ==> ignore
    arg [-L/opt/intel/oneapi/vpl/2021.4.0/lib/../lib] ==> dir [/opt/intel/oneapi/vpl/2021.4.0/lib/../lib]
    arg [-L/opt/intel/oneapi/mpi/2021.3.0//libfabric/lib/../lib] ==> dir [/opt/intel/oneapi/mpi/2021.3.0//libfabric/lib/../lib]
    arg [-L/opt/intel/oneapi/mpi/2021.3.0//lib/../lib] ==> dir [/opt/intel/oneapi/mpi/2021.3.0//lib/../lib]
    arg [-L/opt/intel/oneapi/dnnl/2021.3.0/cpu_dpcpp_gpu_dpcpp/lib/../lib] ==> dir [/opt/intel/oneapi/dnnl/2021.3.0/cpu_dpcpp_gpu_dpcpp/lib/../lib]
    arg [-L/opt/intel/oneapi/compiler/2021.3.0/linux/lib/../lib] ==> dir [/opt/intel/oneapi/compiler/2021.3.0/linux/lib/../lib]
    arg [-L/usr/lib/gcc/x86_64-linux-gnu/9] ==> dir [/usr/lib/gcc/x86_64-linux-gnu/9]
    arg [-L/usr/lib/gcc/x86_64-linux-gnu/9/../../../x86_64-linux-gnu] ==> dir [/usr/lib/gcc/x86_64-linux-gnu/9/../../../x86_64-linux-gnu]
    arg [-L/usr/lib/gcc/x86_64-linux-gnu/9/../../../../lib] ==> dir [/usr/lib/gcc/x86_64-linux-gnu/9/../../../../lib]
    arg [-L/lib/x86_64-linux-gnu] ==> dir [/lib/x86_64-linux-gnu]
    arg [-L/lib/../lib] ==> dir [/lib/../lib]
    arg [-L/usr/lib/x86_64-linux-gnu] ==> dir [/usr/lib/x86_64-linux-gnu]
    arg [-L/usr/lib/../lib] ==> dir [/usr/lib/../lib]
    arg [-L/opt/intel/oneapi/vpl/2021.4.0/lib] ==> dir [/opt/intel/oneapi/vpl/2021.4.0/lib]
    arg [-L/opt/intel/oneapi/tbb/2021.3.0/env/../lib/intel64/gcc4.8] ==> dir [/opt/intel/oneapi/tbb/2021.3.0/env/../lib/intel64/gcc4.8]
    arg [-L/opt/intel/oneapi/mpi/2021.3.0//libfabric/lib] ==> dir [/opt/intel/oneapi/mpi/2021.3.0//libfabric/lib]
    arg [-L/opt/intel/oneapi/mpi/2021.3.0//lib/release] ==> dir [/opt/intel/oneapi/mpi/2021.3.0//lib/release]
    arg [-L/opt/intel/oneapi/mpi/2021.3.0//lib] ==> dir [/opt/intel/oneapi/mpi/2021.3.0//lib]
    arg [-L/opt/intel/oneapi/mkl/2021.3.0/lib/intel64] ==> dir [/opt/intel/oneapi/mkl/2021.3.0/lib/intel64]
    arg [-L/opt/intel/oneapi/ipp/2021.3.0/lib/intel64] ==> dir [/opt/intel/oneapi/ipp/2021.3.0/lib/intel64]
    arg [-L/opt/intel/oneapi/ippcp/2021.3.0/lib/intel64] ==> dir [/opt/intel/oneapi/ippcp/2021.3.0/lib/intel64]
    arg [-L/opt/intel/oneapi/ipp/2021.3.0/lib/intel64] ==> dir [/opt/intel/oneapi/ipp/2021.3.0/lib/intel64]
    arg [-L/opt/intel/oneapi/dnnl/2021.3.0/cpu_dpcpp_gpu_dpcpp/lib] ==> dir [/opt/intel/oneapi/dnnl/2021.3.0/cpu_dpcpp_gpu_dpcpp/lib]
    arg [-L/opt/intel/oneapi/dal/2021.3.0/lib/intel64] ==> dir [/opt/intel/oneapi/dal/2021.3.0/lib/intel64]
    arg [-L/opt/intel/oneapi/compiler/2021.3.0/linux/compiler/lib/intel64_lin] ==> dir [/opt/intel/oneapi/compiler/2021.3.0/linux/compiler/lib/intel64_lin]
    arg [-L/opt/intel/oneapi/compiler/2021.3.0/linux/lib] ==> dir [/opt/intel/oneapi/compiler/2021.3.0/linux/lib]
    arg [-L/opt/intel/oneapi/ccl/2021.3.0/lib/cpu_gpu_dpcpp] ==> dir [/opt/intel/oneapi/ccl/2021.3.0/lib/cpu_gpu_dpcpp]
    arg [-L/usr/lib/gcc/x86_64-linux-gnu/9/../../..] ==> dir [/usr/lib/gcc/x86_64-linux-gnu/9/../../..]
    arg [CMakeFiles/cmTC_bd5a9.dir/CMakeCCompilerABI.c.o] ==> ignore
    arg [-lgcc] ==> lib [gcc]
    arg [--push-state] ==> ignore
    arg [--as-needed] ==> ignore
    arg [-lgcc_s] ==> lib [gcc_s]
    arg [--pop-state] ==> ignore
    arg [-lc] ==> lib [c]
    arg [-lgcc] ==> lib [gcc]
    arg [--push-state] ==> ignore
    arg [--as-needed] ==> ignore
    arg [-lgcc_s] ==> lib [gcc_s]
    arg [--pop-state] ==> ignore
    arg [/usr/lib/gcc/x86_64-linux-gnu/9/crtendS.o] ==> ignore
    arg [/usr/lib/gcc/x86_64-linux-gnu/9/../../../x86_64-linux-gnu/crtn.o] ==> ignore
  collapse library dir [/opt/intel/oneapi/vpl/2021.4.0/lib/../lib] ==> [/opt/intel/oneapi/vpl/2021.4.0/lib]
  collapse library dir [/opt/intel/oneapi/mpi/2021.3.0//libfabric/lib/../lib] ==> [/opt/intel/oneapi/mpi/2021.3.0/libfabric/lib]
  collapse library dir [/opt/intel/oneapi/mpi/2021.3.0//lib/../lib] ==> [/opt/intel/oneapi/mpi/2021.3.0/lib]
  collapse library dir [/opt/intel/oneapi/dnnl/2021.3.0/cpu_dpcpp_gpu_dpcpp/lib/../lib] ==> [/opt/intel/oneapi/dnnl/2021.3.0/cpu_dpcpp_gpu_dpcpp/lib]
  collapse library dir [/opt/intel/oneapi/compiler/2021.3.0/linux/lib/../lib] ==> [/opt/intel/oneapi/compiler/2021.3.0/linux/lib]
  collapse library dir [/usr/lib/gcc/x86_64-linux-gnu/9] ==> [/usr/lib/gcc/x86_64-linux-gnu/9]
  collapse library dir [/usr/lib/gcc/x86_64-linux-gnu/9/../../../x86_64-linux-gnu] ==> [/usr/lib/x86_64-linux-gnu]
  collapse library dir [/usr/lib/gcc/x86_64-linux-gnu/9/../../../../lib] ==> [/usr/lib]
  collapse library dir [/lib/x86_64-linux-gnu] ==> [/lib/x86_64-linux-gnu]
  collapse library dir [/lib/../lib] ==> [/lib]
  collapse library dir [/usr/lib/x86_64-linux-gnu] ==> [/usr/lib/x86_64-linux-gnu]
  collapse library dir [/usr/lib/../lib] ==> [/usr/lib]
  collapse library dir [/opt/intel/oneapi/vpl/2021.4.0/lib] ==> [/opt/intel/oneapi/vpl/2021.4.0/lib]
  collapse library dir [/opt/intel/oneapi/tbb/2021.3.0/env/../lib/intel64/gcc4.8] ==> [/opt/intel/oneapi/tbb/2021.3.0/lib/intel64/gcc4.8]
  collapse library dir [/opt/intel/oneapi/mpi/2021.3.0//libfabric/lib] ==> [/opt/intel/oneapi/mpi/2021.3.0/libfabric/lib]
  collapse library dir [/opt/intel/oneapi/mpi/2021.3.0//lib/release] ==> [/opt/intel/oneapi/mpi/2021.3.0/lib/release]
  collapse library dir [/opt/intel/oneapi/mpi/2021.3.0//lib] ==> [/opt/intel/oneapi/mpi/2021.3.0/lib]
  collapse library dir [/opt/intel/oneapi/mkl/2021.3.0/lib/intel64] ==> [/opt/intel/oneapi/mkl/2021.3.0/lib/intel64]
  collapse library dir [/opt/intel/oneapi/ipp/2021.3.0/lib/intel64] ==> [/opt/intel/oneapi/ipp/2021.3.0/lib/intel64]
  collapse library dir [/opt/intel/oneapi/ippcp/2021.3.0/lib/intel64] ==> [/opt/intel/oneapi/ippcp/2021.3.0/lib/intel64]
  collapse library dir [/opt/intel/oneapi/ipp/2021.3.0/lib/intel64] ==> [/opt/intel/oneapi/ipp/2021.3.0/lib/intel64]
  collapse library dir [/opt/intel/oneapi/dnnl/2021.3.0/cpu_dpcpp_gpu_dpcpp/lib] ==> [/opt/intel/oneapi/dnnl/2021.3.0/cpu_dpcpp_gpu_dpcpp/lib]
  collapse library dir [/opt/intel/oneapi/dal/2021.3.0/lib/intel64] ==> [/opt/intel/oneapi/dal/2021.3.0/lib/intel64]
  collapse library dir [/opt/intel/oneapi/compiler/2021.3.0/linux/compiler/lib/intel64_lin] ==> [/opt/intel/oneapi/compiler/2021.3.0/linux/compiler/lib/intel64_lin]
  collapse library dir [/opt/intel/oneapi/compiler/2021.3.0/linux/lib] ==> [/opt/intel/oneapi/compiler/2021.3.0/linux/lib]
  collapse library dir [/opt/intel/oneapi/ccl/2021.3.0/lib/cpu_gpu_dpcpp] ==> [/opt/intel/oneapi/ccl/2021.3.0/lib/cpu_gpu_dpcpp]
  collapse library dir [/usr/lib/gcc/x86_64-linux-gnu/9/../../..] ==> [/usr/lib]
  implicit libs: [gcc;gcc_s;c;gcc;gcc_s]
  implicit dirs: [/opt/intel/oneapi/vpl/2021.4.0/lib;/opt/intel/oneapi/mpi/2021.3.0/libfabric/lib;/opt/intel/oneapi/mpi/2021.3.0/lib;/opt/intel/oneapi/dnnl/2021.3.0/cpu_dpcpp_gpu_dpcpp/lib;/opt/intel/oneapi/compiler/2021.3.0/linux/lib;/usr/lib/gcc/x86_64-linux-gnu/9;/usr/lib/x86_64-linux-gnu;/usr/lib;/lib/x86_64-linux-gnu;/lib;/opt/intel/oneapi/tbb/2021.3.0/lib/intel64/gcc4.8;/opt/intel/oneapi/mpi/2021.3.0/lib/release;/opt/intel/oneapi/mkl/2021.3.0/lib/intel64;/opt/intel/oneapi/ipp/2021.3.0/lib/intel64;/opt/intel/oneapi/ippcp/2021.3.0/lib/intel64;/opt/intel/oneapi/dal/2021.3.0/lib/intel64;/opt/intel/oneapi/compiler/2021.3.0/linux/compiler/lib/intel64_lin;/opt/intel/oneapi/ccl/2021.3.0/lib/cpu_gpu_dpcpp]
  implicit fwks: []


Determining if the CXX compiler works passed with the following output:
Change Dir: /media/yohello/hrm1/code-stuff/cross-dev/testing/CRender_push/CMakeFiles/CMakeTmp

Run Build Command(s):/usr/bin/make cmTC_21a44/fast && /usr/bin/make -f CMakeFiles/cmTC_21a44.dir/build.make CMakeFiles/cmTC_21a44.dir/build
make[1]: Entering directory '/media/yohello/hrm1/code-stuff/cross-dev/testing/CRender_push/CMakeFiles/CMakeTmp'
Building CXX object CMakeFiles/cmTC_21a44.dir/testCXXCompiler.cxx.o
/usr/bin/c++    -std=gnu++17 -o CMakeFiles/cmTC_21a44.dir/testCXXCompiler.cxx.o -c /media/yohello/hrm1/code-stuff/cross-dev/testing/CRender_push/CMakeFiles/CMakeTmp/testCXXCompiler.cxx
Linking CXX executable cmTC_21a44
/usr/bin/cmake -E cmake_link_script CMakeFiles/cmTC_21a44.dir/link.txt --verbose=1
/usr/bin/c++       CMakeFiles/cmTC_21a44.dir/testCXXCompiler.cxx.o  -o cmTC_21a44 
make[1]: Leaving directory '/media/yohello/hrm1/code-stuff/cross-dev/testing/CRender_push/CMakeFiles/CMakeTmp'



Detecting CXX compiler ABI info compiled with the following output:
Change Dir: /media/yohello/hrm1/code-stuff/cross-dev/testing/CRender_push/CMakeFiles/CMakeTmp

Run Build Command(s):/usr/bin/make cmTC_3a664/fast && /usr/bin/make -f CMakeFiles/cmTC_3a664.dir/build.make CMakeFiles/cmTC_3a664.dir/build
make[1]: Entering directory '/media/yohello/hrm1/code-stuff/cross-dev/testing/CRender_push/CMakeFiles/CMakeTmp'
Building CXX object CMakeFiles/cmTC_3a664.dir/CMakeCXXCompilerABI.cpp.o
/usr/bin/c++    -v -std=gnu++17 -o CMakeFiles/cmTC_3a664.dir/CMakeCXXCompilerABI.cpp.o -c /usr/share/cmake-3.16/Modules/CMakeCXXCompilerABI.cpp
Using built-in specs.
COLLECT_GCC=/usr/bin/c++
OFFLOAD_TARGET_NAMES=nvptx-none:hsa
OFFLOAD_TARGET_DEFAULT=1
Target: x86_64-linux-gnu
Configured with: ../src/configure -v --with-pkgversion='Ubuntu 9.3.0-17ubuntu1~20.04' --with-bugurl=file:///usr/share/doc/gcc-9/README.Bugs --enable-languages=c,ada,c++,go,brig,d,fortran,objc,obj-c++,gm2 --prefix=/usr --with-gcc-major-version-only --program-suffix=-9 --program-prefix=x86_64-linux-gnu- --enable-shared --enable-linker-build-id --libexecdir=/usr/lib --without-included-gettext --enable-threads=posix --libdir=/usr/lib --enable-nls --enable-clocale=gnu --enable-libstdcxx-debug --enable-libstdcxx-time=yes --with-default-libstdcxx-abi=new --enable-gnu-unique-object --disable-vtable-verify --enable-plugin --enable-default-pie --with-system-zlib --with-target-system-zlib=auto --enable-objc-gc=auto --enable-multiarch --disable-werror --with-arch-32=i686 --with-abi=m64 --with-multilib-list=m32,m64,mx32 --enable-multilib --with-tune=generic --enable-offload-targets=nvptx-none=/build/gcc-9-HskZEa/gcc-9-9.3.0/debian/tmp-nvptx/usr,hsa --without-cuda-driver --enable-checking=release --build=x86_64-linux-gnu --host=x86_64-linux-gnu --target=x86_64-linux-gnu
Thread model: posix
gcc version 9.3.0 (Ubuntu 9.3.0-17ubuntu1~20.04) 
COLLECT_GCC_OPTIONS='-v' '-std=gnu++17' '-o' 'CMakeFiles/cmTC_3a664.dir/CMakeCXXCompilerABI.cpp.o' '-c' '-shared-libgcc' '-mtune=generic' '-march=x86-64'
 /usr/lib/gcc/x86_64-linux-gnu/9/cc1plus -quiet -v -imultiarch x86_64-linux-gnu -D_GNU_SOURCE /usr/share/cmake-3.16/Modules/CMakeCXXCompilerABI.cpp -quiet -dumpbase CMakeCXXCompilerABI.cpp -mtune=generic -march=x86-64 -auxbase-strip CMakeFiles/cmTC_3a664.dir/CMakeCXXCompilerABI.cpp.o -std=gnu++17 -version -fasynchronous-unwind-tables -fstack-protector-strong -Wformat -Wformat-security -fstack-clash-protection -fcf-protection -o /tmp/ccVJV2mP.s
GNU C++17 (Ubuntu 9.3.0-17ubuntu1~20.04) version 9.3.0 (x86_64-linux-gnu)
	compiled by GNU C version 9.3.0, GMP version 6.2.0, MPFR version 4.0.2, MPC version 1.1.0, isl version isl-0.22.1-GMP

GGC heuristics: --param ggc-min-expand=100 --param ggc-min-heapsize=131072
ignoring duplicate directory "/usr/include/x86_64-linux-gnu/c++/9"
ignoring nonexistent directory "/usr/local/include/x86_64-linux-gnu"
ignoring nonexistent directory "/usr/lib/gcc/x86_64-linux-gnu/9/include-fixed"
ignoring nonexistent directory "/usr/lib/gcc/x86_64-linux-gnu/9/../../../../x86_64-linux-gnu/include"
ignoring duplicate directory "/opt/intel/oneapi/ipp/2021.3.0/include"
#include "..." search starts here:
#include <...> search starts here:
 /opt/intel/oneapi/vpl/2021.4.0/include
 /opt/intel/oneapi/tbb/2021.3.0/env/../include
 /opt/intel/oneapi/mpi/2021.3.0//include
 /opt/intel/oneapi/mkl/2021.3.0/include
 /opt/intel/oneapi/ipp/2021.3.0/include
 /opt/intel/oneapi/ippcp/2021.3.0/include
 /opt/intel/oneapi/dpl/2021.4.0/linux/include
 /opt/intel/oneapi/dpcpp-ct/2021.3.0/include
 /opt/intel/oneapi/dnnl/2021.3.0/cpu_dpcpp_gpu_dpcpp/lib
 /opt/intel/oneapi/dev-utilities/2021.3.0/include
 /opt/intel/oneapi/dal/2021.3.0/include
 /opt/intel/oneapi/compiler/2021.3.0/linux/include
 /opt/intel/oneapi/ccl/2021.3.0/include/cpu_gpu_dpcpp
 /usr/include/c++/9
 /usr/include/x86_64-linux-gnu/c++/9
 /usr/include/c++/9/backward
 /usr/lib/gcc/x86_64-linux-gnu/9/include
 /usr/local/include
 /usr/include/x86_64-linux-gnu
 /usr/include
End of search list.
GNU C++17 (Ubuntu 9.3.0-17ubuntu1~20.04) version 9.3.0 (x86_64-linux-gnu)
	compiled by GNU C version 9.3.0, GMP version 6.2.0, MPFR version 4.0.2, MPC version 1.1.0, isl version isl-0.22.1-GMP

GGC heuristics: --param ggc-min-expand=100 --param ggc-min-heapsize=131072
Compiler executable checksum: 466f818abe2f30ba03783f22bd12d815
COLLECT_GCC_OPTIONS='-v' '-std=gnu++17' '-o' 'CMakeFiles/cmTC_3a664.dir/CMakeCXXCompilerABI.cpp.o' '-c' '-shared-libgcc' '-mtune=generic' '-march=x86-64'
 as -v --64 -o CMakeFiles/cmTC_3a664.dir/CMakeCXXCompilerABI.cpp.o /tmp/ccVJV2mP.s
GNU assembler version 2.34 (x86_64-linux-gnu) using BFD version (GNU Binutils for Ubuntu) 2.34
COMPILER_PATH=/usr/lib/gcc/x86_64-linux-gnu/9/:/usr/lib/gcc/x86_64-linux-gnu/9/:/usr/lib/gcc/x86_64-linux-gnu/:/usr/lib/gcc/x86_64-linux-gnu/9/:/usr/lib/gcc/x86_64-linux-gnu/
LIBRARY_PATH=/opt/intel/oneapi/vpl/2021.4.0/lib/../lib/:/opt/intel/oneapi/mpi/2021.3.0//libfabric/lib/../lib/:/opt/intel/oneapi/mpi/2021.3.0//lib/../lib/:/opt/intel/oneapi/dnnl/2021.3.0/cpu_dpcpp_gpu_dpcpp/lib/../lib/:/opt/intel/oneapi/compiler/2021.3.0/linux/lib/../lib/:/usr/lib/gcc/x86_64-linux-gnu/9/:/usr/lib/gcc/x86_64-linux-gnu/9/../../../x86_64-linux-gnu/:/usr/lib/gcc/x86_64-linux-gnu/9/../../../../lib/:/lib/x86_64-linux-gnu/:/lib/../lib/:/usr/lib/x86_64-linux-gnu/:/usr/lib/../lib/:/opt/intel/oneapi/vpl/2021.4.0/lib/:/opt/intel/oneapi/tbb/2021.3.0/env/../lib/intel64/gcc4.8/:/opt/intel/oneapi/mpi/2021.3.0//libfabric/lib/:/opt/intel/oneapi/mpi/2021.3.0//lib/release/:/opt/intel/oneapi/mpi/2021.3.0//lib/:/opt/intel/oneapi/mkl/2021.3.0/lib/intel64/:/opt/intel/oneapi/ipp/2021.3.0/lib/intel64/:/opt/intel/oneapi/ippcp/2021.3.0/lib/intel64/:/opt/intel/oneapi/ipp/2021.3.0/lib/intel64/:/opt/intel/oneapi/dnnl/2021.3.0/cpu_dpcpp_gpu_dpcpp/lib/:/opt/intel/oneapi/dal/2021.3.0/lib/intel64/:/opt/intel/oneapi/compiler/2021.3.0/linux/compiler/lib/intel64_lin/:/opt/intel/oneapi/compiler/2021.3.0/linux/lib/:/opt/intel/oneapi/ccl/2021.3.0/lib/cpu_gpu_dpcpp/:/usr/lib/gcc/x86_64-linux-gnu/9/../../../:/lib/:/usr/lib/
COLLECT_GCC_OPTIONS='-v' '-std=gnu++17' '-o' 'CMakeFiles/cmTC_3a664.dir/CMakeCXXCompilerABI.cpp.o' '-c' '-shared-libgcc' '-mtune=generic' '-march=x86-64'
Linking CXX executable cmTC_3a664
/usr/bin/cmake -E cmake_link_script CMakeFiles/cmTC_3a664.dir/link.txt --verbose=1
/usr/bin/c++      -v CMakeFiles/cmTC_3a664.dir/CMakeCXXCompilerABI.cpp.o  -o cmTC_3a664 
Using built-in specs.
COLLECT_GCC=/usr/bin/c++
COLLECT_LTO_WRAPPER=/usr/lib/gcc/x86_64-linux-gnu/9/lto-wrapper
OFFLOAD_TARGET_NAMES=nvptx-none:hsa
OFFLOAD_TARGET_DEFAULT=1
Target: x86_64-linux-gnu
Configured with: ../src/configure -v --with-pkgversion='Ubuntu 9.3.0-17ubuntu1~20.04' --with-bugurl=file:///usr/share/doc/gcc-9/README.Bugs --enable-languages=c,ada,c++,go,brig,d,fortran,objc,obj-c++,gm2 --prefix=/usr --with-gcc-major-version-only --program-suffix=-9 --program-prefix=x86_64-linux-gnu- --enable-shared --enable-linker-build-id --libexecdir=/usr/lib --without-included-gettext --enable-threads=posix --libdir=/usr/lib --enable-nls --enable-clocale=gnu --enable-libstdcxx-debug --enable-libstdcxx-time=yes --with-default-libstdcxx-abi=new --enable-gnu-unique-object --disable-vtable-verify --enable-plugin --enable-default-pie --with-system-zlib --with-target-system-zlib=auto --enable-objc-gc=auto --enable-multiarch --disable-werror --with-arch-32=i686 --with-abi=m64 --with-multilib-list=m32,m64,mx32 --enable-multilib --with-tune=generic --enable-offload-targets=nvptx-none=/build/gcc-9-HskZEa/gcc-9-9.3.0/debian/tmp-nvptx/usr,hsa --without-cuda-driver --enable-checking=release --build=x86_64-linux-gnu --host=x86_64-linux-gnu --target=x86_64-linux-gnu
Thread model: posix
gcc version 9.3.0 (Ubuntu 9.3.0-17ubuntu1~20.04) 
COMPILER_PATH=/usr/lib/gcc/x86_64-linux-gnu/9/:/usr/lib/gcc/x86_64-linux-gnu/9/:/usr/lib/gcc/x86_64-linux-gnu/:/usr/lib/gcc/x86_64-linux-gnu/9/:/usr/lib/gcc/x86_64-linux-gnu/
LIBRARY_PATH=/opt/intel/oneapi/vpl/2021.4.0/lib/../lib/:/opt/intel/oneapi/mpi/2021.3.0//libfabric/lib/../lib/:/opt/intel/oneapi/mpi/2021.3.0//lib/../lib/:/opt/intel/oneapi/dnnl/2021.3.0/cpu_dpcpp_gpu_dpcpp/lib/../lib/:/opt/intel/oneapi/compiler/2021.3.0/linux/lib/../lib/:/usr/lib/gcc/x86_64-linux-gnu/9/:/usr/lib/gcc/x86_64-linux-gnu/9/../../../x86_64-linux-gnu/:/usr/lib/gcc/x86_64-linux-gnu/9/../../../../lib/:/lib/x86_64-linux-gnu/:/lib/../lib/:/usr/lib/x86_64-linux-gnu/:/usr/lib/../lib/:/opt/intel/oneapi/vpl/2021.4.0/lib/:/opt/intel/oneapi/tbb/2021.3.0/env/../lib/intel64/gcc4.8/:/opt/intel/oneapi/mpi/2021.3.0//libfabric/lib/:/opt/intel/oneapi/mpi/2021.3.0//lib/release/:/opt/intel/oneapi/mpi/2021.3.0//lib/:/opt/intel/oneapi/mkl/2021.3.0/lib/intel64/:/opt/intel/oneapi/ipp/2021.3.0/lib/intel64/:/opt/intel/oneapi/ippcp/2021.3.0/lib/intel64/:/opt/intel/oneapi/ipp/2021.3.0/lib/intel64/:/opt/intel/oneapi/dnnl/2021.3.0/cpu_dpcpp_gpu_dpcpp/lib/:/opt/intel/oneapi/dal/2021.3.0/lib/intel64/:/opt/intel/oneapi/compiler/2021.3.0/linux/compiler/lib/intel64_lin/:/opt/intel/oneapi/compiler/2021.3.0/linux/lib/:/opt/intel/oneapi/ccl/2021.3.0/lib/cpu_gpu_dpcpp/:/usr/lib/gcc/x86_64-linux-gnu/9/../../../:/lib/:/usr/lib/
COLLECT_GCC_OPTIONS='-v' '-o' 'cmTC_3a664' '-shared-libgcc' '-mtune=generic' '-march=x86-64'
 /usr/lib/gcc/x86_64-linux-gnu/9/collect2 -plugin /usr/lib/gcc/x86_64-linux-gnu/9/liblto_plugin.so -plugin-opt=/usr/lib/gcc/x86_64-linux-gnu/9/lto-wrapper -plugin-opt=-fresolution=/tmp/ccQp7iOg.res -plugin-opt=-pass-through=-lgcc_s -plugin-opt=-pass-through=-lgcc -plugin-opt=-pass-through=-lc -plugin-opt=-pass-through=-lgcc_s -plugin-opt=-pass-through=-lgcc --build-id --eh-frame-hdr -m elf_x86_64 --hash-style=gnu --as-needed -dynamic-linker /lib64/ld-linux-x86-64.so.2 -pie -z now -z relro -o cmTC_3a664 /usr/lib/gcc/x86_64-linux-gnu/9/../../../x86_64-linux-gnu/Scrt1.o /usr/lib/gcc/x86_64-linux-gnu/9/../../../x86_64-linux-gnu/crti.o /usr/lib/gcc/x86_64-linux-gnu/9/crtbeginS.o -L/opt/intel/oneapi/vpl/2021.4.0/lib/../lib -L/opt/intel/oneapi/mpi/2021.3.0//libfabric/lib/../lib -L/opt/intel/oneapi/mpi/2021.3.0//lib/../lib -L/opt/intel/oneapi/dnnl/2021.3.0/cpu_dpcpp_gpu_dpcpp/lib/../lib -L/opt/intel/oneapi/compiler/2021.3.0/linux/lib/../lib -L/usr/lib/gcc/x86_64-linux-gnu/9 -L/usr/lib/gcc/x86_64-linux-gnu/9/../../../x86_64-linux-gnu -L/usr/lib/gcc/x86_64-linux-gnu/9/../../../../lib -L/lib/x86_64-linux-gnu -L/lib/../lib -L/usr/lib/x86_64-linux-gnu -L/usr/lib/../lib -L/opt/intel/oneapi/vpl/2021.4.0/lib -L/opt/intel/oneapi/tbb/2021.3.0/env/../lib/intel64/gcc4.8 -L/opt/intel/oneapi/mpi/2021.3.0//libfabric/lib -L/opt/intel/oneapi/mpi/2021.3.0//lib/release -L/opt/intel/oneapi/mpi/2021.3.0//lib -L/opt/intel/oneapi/mkl/2021.3.0/lib/intel64 -L/opt/intel/oneapi/ipp/2021.3.0/lib/intel64 -L/opt/intel/oneapi/ippcp/2021.3.0/lib/intel64 -L/opt/intel/oneapi/ipp/2021.3.0/lib/intel64 -L/opt/intel/oneapi/dnnl/2021.3.0/cpu_dpcpp_gpu_dpcpp/lib -L/opt/intel/oneapi/dal/2021.3.0/lib/intel64 -L/opt/intel/oneapi/compiler/2021.3.0/linux/compiler/lib/intel64_lin -L/opt/intel/oneapi/compiler/2021.3.0/linux/lib -L/opt/intel/oneapi/ccl/2021.3.0/lib/cpu_gpu_dpcpp -L/usr/lib/gcc/x86_64-linux-gnu/9/../../.. CMakeFiles/cmTC_3a664.dir/CMakeCXXCompilerABI.cpp.o -lstdc++ -lm -lgcc_s -lgcc -lc -lgcc_s -lgcc /usr/lib/gcc/x86_64-linux-gnu/9/crtendS.o /usr/lib/gcc/x86_64-linux-gnu/9/../../../x86_64-linux-gnu/crtn.o
COLLECT_GCC_OPTIONS='-v' '-o' 'cmTC_3a664' '-shared-libgcc' '-mtune=generic' '-march=x86-64'
make[1]: Leaving directory '/media/yohello/hrm1/code-stuff/cross-dev/testing/CRender_push/CMakeFiles/CMakeTmp'



Parsed CXX implicit include dir info from above output: rv=done
  found start of include info
  found start of implicit include info
    add: [/opt/intel/oneapi/vpl/2021.4.0/include]
    add: [/opt/intel/oneapi/tbb/2021.3.0/env/../include]
    add: [/opt/intel/oneapi/mpi/2021.3.0//include]
    add: [/opt/intel/oneapi/mkl/2021.3.0/include]
    add: [/opt/intel/oneapi/ipp/2021.3.0/include]
    add: [/opt/intel/oneapi/ippcp/2021.3.0/include]
    add: [/opt/intel/oneapi/dpl/2021.4.0/linux/include]
    add: [/opt/intel/oneapi/dpcpp-ct/2021.3.0/include]
    add: [/opt/intel/oneapi/dnnl/2021.3.0/cpu_dpcpp_gpu_dpcpp/lib]
    add: [/opt/intel/oneapi/dev-utilities/2021.3.0/include]
    add: [/opt/intel/oneapi/dal/2021.3.0/include]
    add: [/opt/intel/oneapi/compiler/2021.3.0/linux/include]
    add: [/opt/intel/oneapi/ccl/2021.3.0/include/cpu_gpu_dpcpp]
    add: [/usr/include/c++/9]
    add: [/usr/include/x86_64-linux-gnu/c++/9]
    add: [/usr/include/c++/9/backward]
    add: [/usr/lib/gcc/x86_64-linux-gnu/9/include]
    add: [/usr/local/include]
    add: [/usr/include/x86_64-linux-gnu]
    add: [/usr/include]
  end of search list found
  collapse include dir [/opt/intel/oneapi/vpl/2021.4.0/include] ==> [/opt/intel/oneapi/vpl/2021.4.0/include]
  collapse include dir [/opt/intel/oneapi/tbb/2021.3.0/env/../include] ==> [/opt/intel/oneapi/tbb/2021.3.0/include]
  collapse include dir [/opt/intel/oneapi/mpi/2021.3.0//include] ==> [/opt/intel/oneapi/mpi/2021.3.0/include]
  collapse include dir [/opt/intel/oneapi/mkl/2021.3.0/include] ==> [/opt/intel/oneapi/mkl/2021.3.0/include]
  collapse include dir [/opt/intel/oneapi/ipp/2021.3.0/include] ==> [/opt/intel/oneapi/ipp/2021.3.0/include]
  collapse include dir [/opt/intel/oneapi/ippcp/2021.3.0/include] ==> [/opt/intel/oneapi/ippcp/2021.3.0/include]
  collapse include dir [/opt/intel/oneapi/dpl/2021.4.0/linux/include] ==> [/opt/intel/oneapi/dpl/2021.4.0/linux/include]
  collapse include dir [/opt/intel/oneapi/dpcpp-ct/2021.3.0/include] ==> [/opt/intel/oneapi/dpcpp-ct/2021.3.0/include]
  collapse include dir [/opt/intel/oneapi/dnnl/2021.3.0/cpu_dpcpp_gpu_dpcpp/lib] ==> [/opt/intel/oneapi/dnnl/2021.3.0/cpu_dpcpp_gpu_dpcpp/lib]
  collapse include dir [/opt/intel/oneapi/dev-utilities/2021.3.0/include] ==> [/opt/intel/oneapi/dev-utilities/2021.3.0/include]
  collapse include dir [/opt/intel/oneapi/dal/2021.3.0/include] ==> [/opt/intel/oneapi/dal/2021.3.0/include]
  collapse include dir [/opt/intel/oneapi/compiler/2021.3.0/linux/include] ==> [/opt/intel/oneapi/compiler/2021.3.0/linux/include]
  collapse include dir [/opt/intel/oneapi/ccl/2021.3.0/include/cpu_gpu_dpcpp] ==> [/opt/intel/oneapi/ccl/2021.3.0/include/cpu_gpu_dpcpp]
  collapse include dir [/usr/include/c++/9] ==> [/usr/include/c++/9]
  collapse include dir [/usr/include/x86_64-linux-gnu/c++/9] ==> [/usr/include/x86_64-linux-gnu/c++/9]
  collapse include dir [/usr/include/c++/9/backward] ==> [/usr/include/c++/9/backward]
  collapse include dir [/usr/lib/gcc/x86_64-linux-gnu/9/include] ==> [/usr/lib/gcc/x86_64-linux-gnu/9/include]
  collapse include dir [/usr/local/include] ==> [/usr/local/include]
  collapse include dir [/usr/include/x86_64-linux-gnu] ==> [/usr/include/x86_64-linux-gnu]
  collapse include dir [/usr/include] ==> [/usr/include]
  implicit include dirs: [/opt/intel/oneapi/vpl/2021.4.0/include;/opt/intel/oneapi/tbb/2021.3.0/include;/opt/intel/oneapi/mpi/2021.3.0/include;/opt/intel/oneapi/mkl/2021.3.0/include;/opt/intel/oneapi/ipp/2021.3.0/include;/opt/intel/oneapi/ippcp/2021.3.0/include;/opt/intel/oneapi/dpl/2021.4.0/linux/include;/opt/intel/oneapi/dpcpp-ct/2021.3.0/include;/opt/intel/oneapi/dnnl/2021.3.0/cpu_dpcpp_gpu_dpcpp/lib;/opt/intel/oneapi/dev-utilities/2021.3.0/include;/opt/intel/oneapi/dal/2021.3.0/include;/opt/intel/oneapi/compiler/2021.3.0/linux/include;/opt/intel/oneapi/ccl/2021.3.0/include/cpu_gpu_dpcpp;/usr/include/c++/9;/usr/include/x86_64-linux-gnu/c++/9;/usr/include/c++/9/backward;/usr/lib/gcc/x86_64-linux-gnu/9/include;/usr/local/include;/usr/include/x86_64-linux-gnu;/usr/include]


Parsed CXX implicit link information from above output:
  link line regex: [^( *|.*[/\])(ld|CMAKE_LINK_STARTFILE-NOTFOUND|([^/\]+-)?ld|collect2)[^/\]*( |$)]
  ignore line: [Change Dir: /media/yohello/hrm1/code-stuff/cross-dev/testing/CRender_push/CMakeFiles/CMakeTmp]
  ignore line: []
  ignore line: [Run Build Command(s):/usr/bin/make cmTC_3a664/fast && /usr/bin/make -f CMakeFiles/cmTC_3a664.dir/build.make CMakeFiles/cmTC_3a664.dir/build]
  ignore line: [make[1]: Entering directory '/media/yohello/hrm1/code-stuff/cross-dev/testing/CRender_push/CMakeFiles/CMakeTmp']
  ignore line: [Building CXX object CMakeFiles/cmTC_3a664.dir/CMakeCXXCompilerABI.cpp.o]
  ignore line: [/usr/bin/c++    -v -std=gnu++17 -o CMakeFiles/cmTC_3a664.dir/CMakeCXXCompilerABI.cpp.o -c /usr/share/cmake-3.16/Modules/CMakeCXXCompilerABI.cpp]
  ignore line: [Using built-in specs.]
  ignore line: [COLLECT_GCC=/usr/bin/c++]
  ignore line: [OFFLOAD_TARGET_NAMES=nvptx-none:hsa]
  ignore line: [OFFLOAD_TARGET_DEFAULT=1]
  ignore line: [Target: x86_64-linux-gnu]
  ignore line: [Configured with: ../src/configure -v --with-pkgversion='Ubuntu 9.3.0-17ubuntu1~20.04' --with-bugurl=file:///usr/share/doc/gcc-9/README.Bugs --enable-languages=c ada c++ go brig d fortran objc obj-c++ gm2 --prefix=/usr --with-gcc-major-version-only --program-suffix=-9 --program-prefix=x86_64-linux-gnu- --enable-shared --enable-linker-build-id --libexecdir=/usr/lib --without-included-gettext --enable-threads=posix --libdir=/usr/lib --enable-nls --enable-clocale=gnu --enable-libstdcxx-debug --enable-libstdcxx-time=yes --with-default-libstdcxx-abi=new --enable-gnu-unique-object --disable-vtable-verify --enable-plugin --enable-default-pie --with-system-zlib --with-target-system-zlib=auto --enable-objc-gc=auto --enable-multiarch --disable-werror --with-arch-32=i686 --with-abi=m64 --with-multilib-list=m32 m64 mx32 --enable-multilib --with-tune=generic --enable-offload-targets=nvptx-none=/build/gcc-9-HskZEa/gcc-9-9.3.0/debian/tmp-nvptx/usr hsa --without-cuda-driver --enable-checking=release --build=x86_64-linux-gnu --host=x86_64-linux-gnu --target=x86_64-linux-gnu]
  ignore line: [Thread model: posix]
  ignore line: [gcc version 9.3.0 (Ubuntu 9.3.0-17ubuntu1~20.04) ]
  ignore line: [COLLECT_GCC_OPTIONS='-v' '-std=gnu++17' '-o' 'CMakeFiles/cmTC_3a664.dir/CMakeCXXCompilerABI.cpp.o' '-c' '-shared-libgcc' '-mtune=generic' '-march=x86-64']
  ignore line: [ /usr/lib/gcc/x86_64-linux-gnu/9/cc1plus -quiet -v -imultiarch x86_64-linux-gnu -D_GNU_SOURCE /usr/share/cmake-3.16/Modules/CMakeCXXCompilerABI.cpp -quiet -dumpbase CMakeCXXCompilerABI.cpp -mtune=generic -march=x86-64 -auxbase-strip CMakeFiles/cmTC_3a664.dir/CMakeCXXCompilerABI.cpp.o -std=gnu++17 -version -fasynchronous-unwind-tables -fstack-protector-strong -Wformat -Wformat-security -fstack-clash-protection -fcf-protection -o /tmp/ccVJV2mP.s]
  ignore line: [GNU C++17 (Ubuntu 9.3.0-17ubuntu1~20.04) version 9.3.0 (x86_64-linux-gnu)]
  ignore line: [	compiled by GNU C version 9.3.0  GMP version 6.2.0  MPFR version 4.0.2  MPC version 1.1.0  isl version isl-0.22.1-GMP]
  ignore line: []
  ignore line: [GGC heuristics: --param ggc-min-expand=100 --param ggc-min-heapsize=131072]
  ignore line: [ignoring duplicate directory "/usr/include/x86_64-linux-gnu/c++/9"]
  ignore line: [ignoring nonexistent directory "/usr/local/include/x86_64-linux-gnu"]
  ignore line: [ignoring nonexistent directory "/usr/lib/gcc/x86_64-linux-gnu/9/include-fixed"]
  ignore line: [ignoring nonexistent directory "/usr/lib/gcc/x86_64-linux-gnu/9/../../../../x86_64-linux-gnu/include"]
  ignore line: [ignoring duplicate directory "/opt/intel/oneapi/ipp/2021.3.0/include"]
  ignore line: [#include "..." search starts here:]
  ignore line: [#include <...> search starts here:]
  ignore line: [ /opt/intel/oneapi/vpl/2021.4.0/include]
  ignore line: [ /opt/intel/oneapi/tbb/2021.3.0/env/../include]
  ignore line: [ /opt/intel/oneapi/mpi/2021.3.0//include]
  ignore line: [ /opt/intel/oneapi/mkl/2021.3.0/include]
  ignore line: [ /opt/intel/oneapi/ipp/2021.3.0/include]
  ignore line: [ /opt/intel/oneapi/ippcp/2021.3.0/include]
  ignore line: [ /opt/intel/oneapi/dpl/2021.4.0/linux/include]
  ignore line: [ /opt/intel/oneapi/dpcpp-ct/2021.3.0/include]
  ignore line: [ /opt/intel/oneapi/dnnl/2021.3.0/cpu_dpcpp_gpu_dpcpp/lib]
  ignore line: [ /opt/intel/oneapi/dev-utilities/2021.3.0/include]
  ignore line: [ /opt/intel/oneapi/dal/2021.3.0/include]
  ignore line: [ /opt/intel/oneapi/compiler/2021.3.0/linux/include]
  ignore line: [ /opt/intel/oneapi/ccl/2021.3.0/include/cpu_gpu_dpcpp]
  ignore line: [ /usr/include/c++/9]
  ignore line: [ /usr/include/x86_64-linux-gnu/c++/9]
  ignore line: [ /usr/include/c++/9/backward]
  ignore line: [ /usr/lib/gcc/x86_64-linux-gnu/9/include]
  ignore line: [ /usr/local/include]
  ignore line: [ /usr/include/x86_64-linux-gnu]
  ignore line: [ /usr/include]
  ignore line: [End of search list.]
  ignore line: [GNU C++17 (Ubuntu 9.3.0-17ubuntu1~20.04) version 9.3.0 (x86_64-linux-gnu)]
  ignore line: [	compiled by GNU C version 9.3.0  GMP version 6.2.0  MPFR version 4.0.2  MPC version 1.1.0  isl version isl-0.22.1-GMP]
  ignore line: []
  ignore line: [GGC heuristics: --param ggc-min-expand=100 --param ggc-min-heapsize=131072]
  ignore line: [Compiler executable checksum: 466f818abe2f30ba03783f22bd12d815]
  ignore line: [COLLECT_GCC_OPTIONS='-v' '-std=gnu++17' '-o' 'CMakeFiles/cmTC_3a664.dir/CMakeCXXCompilerABI.cpp.o' '-c' '-shared-libgcc' '-mtune=generic' '-march=x86-64']
  ignore line: [ as -v --64 -o CMakeFiles/cmTC_3a664.dir/CMakeCXXCompilerABI.cpp.o /tmp/ccVJV2mP.s]
  ignore line: [GNU assembler version 2.34 (x86_64-linux-gnu) using BFD version (GNU Binutils for Ubuntu) 2.34]
  ignore line: [COMPILER_PATH=/usr/lib/gcc/x86_64-linux-gnu/9/:/usr/lib/gcc/x86_64-linux-gnu/9/:/usr/lib/gcc/x86_64-linux-gnu/:/usr/lib/gcc/x86_64-linux-gnu/9/:/usr/lib/gcc/x86_64-linux-gnu/]
  ignore line: [LIBRARY_PATH=/opt/intel/oneapi/vpl/2021.4.0/lib/../lib/:/opt/intel/oneapi/mpi/2021.3.0//libfabric/lib/../lib/:/opt/intel/oneapi/mpi/2021.3.0//lib/../lib/:/opt/intel/oneapi/dnnl/2021.3.0/cpu_dpcpp_gpu_dpcpp/lib/../lib/:/opt/intel/oneapi/compiler/2021.3.0/linux/lib/../lib/:/usr/lib/gcc/x86_64-linux-gnu/9/:/usr/lib/gcc/x86_64-linux-gnu/9/../../../x86_64-linux-gnu/:/usr/lib/gcc/x86_64-linux-gnu/9/../../../../lib/:/lib/x86_64-linux-gnu/:/lib/../lib/:/usr/lib/x86_64-linux-gnu/:/usr/lib/../lib/:/opt/intel/oneapi/vpl/2021.4.0/lib/:/opt/intel/oneapi/tbb/2021.3.0/env/../lib/intel64/gcc4.8/:/opt/intel/oneapi/mpi/2021.3.0//libfabric/lib/:/opt/intel/oneapi/mpi/2021.3.0//lib/release/:/opt/intel/oneapi/mpi/2021.3.0//lib/:/opt/intel/oneapi/mkl/2021.3.0/lib/intel64/:/opt/intel/oneapi/ipp/2021.3.0/lib/intel64/:/opt/intel/oneapi/ippcp/2021.3.0/lib/intel64/:/opt/intel/oneapi/ipp/2021.3.0/lib/intel64/:/opt/intel/oneapi/dnnl/2021.3.0/cpu_dpcpp_gpu_dpcpp/lib/:/opt/intel/oneapi/dal/2021.3.0/lib/intel64/:/opt/intel/oneapi/compiler/2021.3.0/linux/compiler/lib/intel64_lin/:/opt/intel/oneapi/compiler/2021.3.0/linux/lib/:/opt/intel/oneapi/ccl/2021.3.0/lib/cpu_gpu_dpcpp/:/usr/lib/gcc/x86_64-linux-gnu/9/../../../:/lib/:/usr/lib/]
  ignore line: [COLLECT_GCC_OPTIONS='-v' '-std=gnu++17' '-o' 'CMakeFiles/cmTC_3a664.dir/CMakeCXXCompilerABI.cpp.o' '-c' '-shared-libgcc' '-mtune=generic' '-march=x86-64']
  ignore line: [Linking CXX executable cmTC_3a664]
  ignore line: [/usr/bin/cmake -E cmake_link_script CMakeFiles/cmTC_3a664.dir/link.txt --verbose=1]
  ignore line: [/usr/bin/c++      -v CMakeFiles/cmTC_3a664.dir/CMakeCXXCompilerABI.cpp.o  -o cmTC_3a664 ]
  ignore line: [Using built-in specs.]
  ignore line: [COLLECT_GCC=/usr/bin/c++]
  ignore line: [COLLECT_LTO_WRAPPER=/usr/lib/gcc/x86_64-linux-gnu/9/lto-wrapper]
  ignore line: [OFFLOAD_TARGET_NAMES=nvptx-none:hsa]
  ignore line: [OFFLOAD_TARGET_DEFAULT=1]
  ignore line: [Target: x86_64-linux-gnu]
  ignore line: [Configured with: ../src/configure -v --with-pkgversion='Ubuntu 9.3.0-17ubuntu1~20.04' --with-bugurl=file:///usr/share/doc/gcc-9/README.Bugs --enable-languages=c ada c++ go brig d fortran objc obj-c++ gm2 --prefix=/usr --with-gcc-major-version-only --program-suffix=-9 --program-prefix=x86_64-linux-gnu- --enable-shared --enable-linker-build-id --libexecdir=/usr/lib --without-included-gettext --enable-threads=posix --libdir=/usr/lib --enable-nls --enable-clocale=gnu --enable-libstdcxx-debug --enable-libstdcxx-time=yes --with-default-libstdcxx-abi=new --enable-gnu-unique-object --disable-vtable-verify --enable-plugin --enable-default-pie --with-system-zlib --with-target-system-zlib=auto --enable-objc-gc=auto --enable-multiarch --disable-werror --with-arch-32=i686 --with-abi=m64 --with-multilib-list=m32 m64 mx32 --enable-multilib --with-tune=generic --enable-offload-targets=nvptx-none=/build/gcc-9-HskZEa/gcc-9-9.3.0/debian/tmp-nvptx/usr hsa --without-cuda-driver --enable-checking=release --build=x86_64-linux-gnu --host=x86_64-linux-gnu --target=x86_64-linux-gnu]
  ignore line: [Thread model: posix]
  ignore line: [gcc version 9.3.0 (Ubuntu 9.3.0-17ubuntu1~20.04) ]
  ignore line: [COMPILER_PATH=/usr/lib/gcc/x86_64-linux-gnu/9/:/usr/lib/gcc/x86_64-linux-gnu/9/:/usr/lib/gcc/x86_64-linux-gnu/:/usr/lib/gcc/x86_64-linux-gnu/9/:/usr/lib/gcc/x86_64-linux-gnu/]
  ignore line: [LIBRARY_PATH=/opt/intel/oneapi/vpl/2021.4.0/lib/../lib/:/opt/intel/oneapi/mpi/2021.3.0//libfabric/lib/../lib/:/opt/intel/oneapi/mpi/2021.3.0//lib/../lib/:/opt/intel/oneapi/dnnl/2021.3.0/cpu_dpcpp_gpu_dpcpp/lib/../lib/:/opt/intel/oneapi/compiler/2021.3.0/linux/lib/../lib/:/usr/lib/gcc/x86_64-linux-gnu/9/:/usr/lib/gcc/x86_64-linux-gnu/9/../../../x86_64-linux-gnu/:/usr/lib/gcc/x86_64-linux-gnu/9/../../../../lib/:/lib/x86_64-linux-gnu/:/lib/../lib/:/usr/lib/x86_64-linux-gnu/:/usr/lib/../lib/:/opt/intel/oneapi/vpl/2021.4.0/lib/:/opt/intel/oneapi/tbb/2021.3.0/env/../lib/intel64/gcc4.8/:/opt/intel/oneapi/mpi/2021.3.0//libfabric/lib/:/opt/intel/oneapi/mpi/2021.3.0//lib/release/:/opt/intel/oneapi/mpi/2021.3.0//lib/:/opt/intel/oneapi/mkl/2021.3.0/lib/intel64/:/opt/intel/oneapi/ipp/2021.3.0/lib/intel64/:/opt/intel/oneapi/ippcp/2021.3.0/lib/intel64/:/opt/intel/oneapi/ipp/2021.3.0/lib/intel64/:/opt/intel/oneapi/dnnl/2021.3.0/cpu_dpcpp_gpu_dpcpp/lib/:/opt/intel/oneapi/dal/2021.3.0/lib/intel64/:/opt/intel/oneapi/compiler/2021.3.0/linux/compiler/lib/intel64_lin/:/opt/intel/oneapi/compiler/2021.3.0/linux/lib/:/opt/intel/oneapi/ccl/2021.3.0/lib/cpu_gpu_dpcpp/:/usr/lib/gcc/x86_64-linux-gnu/9/../../../:/lib/:/usr/lib/]
  ignore line: [COLLECT_GCC_OPTIONS='-v' '-o' 'cmTC_3a664' '-shared-libgcc' '-mtune=generic' '-march=x86-64']
  link line: [ /usr/lib/gcc/x86_64-linux-gnu/9/collect2 -plugin /usr/lib/gcc/x86_64-linux-gnu/9/liblto_plugin.so -plugin-opt=/usr/lib/gcc/x86_64-linux-gnu/9/lto-wrapper -plugin-opt=-fresolution=/tmp/ccQp7iOg.res -plugin-opt=-pass-through=-lgcc_s -plugin-opt=-pass-through=-lgcc -plugin-opt=-pass-through=-lc -plugin-opt=-pass-through=-lgcc_s -plugin-opt=-pass-through=-lgcc --build-id --eh-frame-hdr -m elf_x86_64 --hash-style=gnu --as-needed -dynamic-linker /lib64/ld-linux-x86-64.so.2 -pie -z now -z relro -o cmTC_3a664 /usr/lib/gcc/x86_64-linux-gnu/9/../../../x86_64-linux-gnu/Scrt1.o /usr/lib/gcc/x86_64-linux-gnu/9/../../../x86_64-linux-gnu/crti.o /usr/lib/gcc/x86_64-linux-gnu/9/crtbeginS.o -L/opt/intel/oneapi/vpl/2021.4.0/lib/../lib -L/opt/intel/oneapi/mpi/2021.3.0//libfabric/lib/../lib -L/opt/intel/oneapi/mpi/2021.3.0//lib/../lib -L/opt/intel/oneapi/dnnl/2021.3.0/cpu_dpcpp_gpu_dpcpp/lib/../lib -L/opt/intel/oneapi/compiler/2021.3.0/linux/lib/../lib -L/usr/lib/gcc/x86_64-linux-gnu/9 -L/usr/lib/gcc/x86_64-linux-gnu/9/../../../x86_64-linux-gnu -L/usr/lib/gcc/x86_64-linux-gnu/9/../../../../lib -L/lib/x86_64-linux-gnu -L/lib/../lib -L/usr/lib/x86_64-linux-gnu -L/usr/lib/../lib -L/opt/intel/oneapi/vpl/2021.4.0/lib -L/opt/intel/oneapi/tbb/2021.3.0/env/../lib/intel64/gcc4.8 -L/opt/intel/oneapi/mpi/2021.3.0//libfabric/lib -L/opt/intel/oneapi/mpi/2021.3.0//lib/release -L/opt/intel/oneapi/mpi/2021.3.0//lib -L/opt/intel/oneapi/mkl/2021.3.0/lib/intel64 -L/opt/intel/oneapi/ipp/2021.3.0/lib/intel64 -L/opt/intel/oneapi/ippcp/2021.3.0/lib/intel64 -L/opt/intel/oneapi/ipp/2021.3.0/lib/intel64 -L/opt/intel/oneapi/dnnl/2021.3.0/cpu_dpcpp_gpu_dpcpp/lib -L/opt/intel/oneapi/dal/2021.3.0/lib/intel64 -L/opt/intel/oneapi/compiler/2021.3.0/linux/compiler/lib/intel64_lin -L/opt/intel/oneapi/compiler/2021.3.0/linux/lib -L/opt/intel/oneapi/ccl/2021.3.0/lib/cpu_gpu_dpcpp -L/usr/lib/gcc/x86_64-linux-gnu/9/../../.. CMakeFiles/cmTC_3a664.dir/CMakeCXXCompilerABI.cpp.o -lstdc++ -lm -lgcc_s -lgcc -lc -lgcc_s -lgcc /usr/lib/gcc/x86_64-linux-gnu/9/crtendS.o /usr/lib/gcc/x86_64-linux-gnu/9/../../../x86_64-linux-gnu/crtn.o]
    arg [/usr/lib/gcc/x86_64-linux-gnu/9/collect2] ==> ignore
    arg [-plugin] ==> ignore
    arg [/usr/lib/gcc/x86_64-linux-gnu/9/liblto_plugin.so] ==> ignore
    arg [-plugin-opt=/usr/lib/gcc/x86_64-linux-gnu/9/lto-wrapper] ==> ignore
    arg [-plugin-opt=-fresolution=/tmp/ccQp7iOg.res] ==> ignore
    arg [-plugin-opt=-pass-through=-lgcc_s] ==> ignore
    arg [-plugin-opt=-pass-through=-lgcc] ==> ignore
    arg [-plugin-opt=-pass-through=-lc] ==> ignore
    arg [-plugin-opt=-pass-through=-lgcc_s] ==> ignore
    arg [-plugin-opt=-pass-through=-lgcc] ==> ignore
    arg [--build-id] ==> ignore
    arg [--eh-frame-hdr] ==> ignore
    arg [-m] ==> ignore
    arg [elf_x86_64] ==> ignore
    arg [--hash-style=gnu] ==> ignore
    arg [--as-needed] ==> ignore
    arg [-dynamic-linker] ==> ignore
    arg [/lib64/ld-linux-x86-64.so.2] ==> ignore
    arg [-pie] ==> ignore
    arg [-znow] ==> ignore
    arg [-zrelro] ==> ignore
    arg [-o] ==> ignore
    arg [cmTC_3a664] ==> ignore
    arg [/usr/lib/gcc/x86_64-linux-gnu/9/../../../x86_64-linux-gnu/Scrt1.o] ==> ignore
    arg [/usr/lib/gcc/x86_64-linux-gnu/9/../../../x86_64-linux-gnu/crti.o] ==> ignore
    arg [/usr/lib/gcc/x86_64-linux-gnu/9/crtbeginS.o] ==> ignore
    arg [-L/opt/intel/oneapi/vpl/2021.4.0/lib/../lib] ==> dir [/opt/intel/oneapi/vpl/2021.4.0/lib/../lib]
    arg [-L/opt/intel/oneapi/mpi/2021.3.0//libfabric/lib/../lib] ==> dir [/opt/intel/oneapi/mpi/2021.3.0//libfabric/lib/../lib]
    arg [-L/opt/intel/oneapi/mpi/2021.3.0//lib/../lib] ==> dir [/opt/intel/oneapi/mpi/2021.3.0//lib/../lib]
    arg [-L/opt/intel/oneapi/dnnl/2021.3.0/cpu_dpcpp_gpu_dpcpp/lib/../lib] ==> dir [/opt/intel/oneapi/dnnl/2021.3.0/cpu_dpcpp_gpu_dpcpp/lib/../lib]
    arg [-L/opt/intel/oneapi/compiler/2021.3.0/linux/lib/../lib] ==> dir [/opt/intel/oneapi/compiler/2021.3.0/linux/lib/../lib]
    arg [-L/usr/lib/gcc/x86_64-linux-gnu/9] ==> dir [/usr/lib/gcc/x86_64-linux-gnu/9]
    arg [-L/usr/lib/gcc/x86_64-linux-gnu/9/../../../x86_64-linux-gnu] ==> dir [/usr/lib/gcc/x86_64-linux-gnu/9/../../../x86_64-linux-gnu]
    arg [-L/usr/lib/gcc/x86_64-linux-gnu/9/../../../../lib] ==> dir [/usr/lib/gcc/x86_64-linux-gnu/9/../../../../lib]
    arg [-L/lib/x86_64-linux-gnu] ==> dir [/lib/x86_64-linux-gnu]
    arg [-L/lib/../lib] ==> dir [/lib/../lib]
    arg [-L/usr/lib/x86_64-linux-gnu] ==> dir [/usr/lib/x86_64-linux-gnu]
    arg [-L/usr/lib/../lib] ==> dir [/usr/lib/../lib]
    arg [-L/opt/intel/oneapi/vpl/2021.4.0/lib] ==> dir [/opt/intel/oneapi/vpl/2021.4.0/lib]
    arg [-L/opt/intel/oneapi/tbb/2021.3.0/env/../lib/intel64/gcc4.8] ==> dir [/opt/intel/oneapi/tbb/2021.3.0/env/../lib/intel64/gcc4.8]
    arg [-L/opt/intel/oneapi/mpi/2021.3.0//libfabric/lib] ==> dir [/opt/intel/oneapi/mpi/2021.3.0//libfabric/lib]
    arg [-L/opt/intel/oneapi/mpi/2021.3.0//lib/release] ==> dir [/opt/intel/oneapi/mpi/2021.3.0//lib/release]
    arg [-L/opt/intel/oneapi/mpi/2021.3.0//lib] ==> dir [/opt/intel/oneapi/mpi/2021.3.0//lib]
    arg [-L/opt/intel/oneapi/mkl/2021.3.0/lib/intel64] ==> dir [/opt/intel/oneapi/mkl/2021.3.0/lib/intel64]
    arg [-L/opt/intel/oneapi/ipp/2021.3.0/lib/intel64] ==> dir [/opt/intel/oneapi/ipp/2021.3.0/lib/intel64]
    arg [-L/opt/intel/oneapi/ippcp/2021.3.0/lib/intel64] ==> dir [/opt/intel/oneapi/ippcp/2021.3.0/lib/intel64]
    arg [-L/opt/intel/oneapi/ipp/2021.3.0/lib/intel64] ==> dir [/opt/intel/oneapi/ipp/2021.3.0/lib/intel64]
    arg [-L/opt/intel/oneapi/dnnl/2021.3.0/cpu_dpcpp_gpu_dpcpp/lib] ==> dir [/opt/intel/oneapi/dnnl/2021.3.0/cpu_dpcpp_gpu_dpcpp/lib]
    arg [-L/opt/intel/oneapi/dal/2021.3.0/lib/intel64] ==> dir [/opt/intel/oneapi/dal/2021.3.0/lib/intel64]
    arg [-L/opt/intel/oneapi/compiler/2021.3.0/linux/compiler/lib/intel64_lin] ==> dir [/opt/intel/oneapi/compiler/2021.3.0/linux/compiler/lib/intel64_lin]
    arg [-L/opt/intel/oneapi/compiler/2021.3.0/linux/lib] ==> dir [/opt/intel/oneapi/compiler/2021.3.0/linux/lib]
    arg [-L/opt/intel/oneapi/ccl/2021.3.0/lib/cpu_gpu_dpcpp] ==> dir [/opt/intel/oneapi/ccl/2021.3.0/lib/cpu_gpu_dpcpp]
    arg [-L/usr/lib/gcc/x86_64-linux-gnu/9/../../..] ==> dir [/usr/lib/gcc/x86_64-linux-gnu/9/../../..]
    arg [CMakeFiles/cmTC_3a664.dir/CMakeCXXCompilerABI.cpp.o] ==> ignore
    arg [-lstdc++] ==> lib [stdc++]
    arg [-lm] ==> lib [m]
    arg [-lgcc_s] ==> lib [gcc_s]
    arg [-lgcc] ==> lib [gcc]
    arg [-lc] ==> lib [c]
    arg [-lgcc_s] ==> lib [gcc_s]
    arg [-lgcc] ==> lib [gcc]
    arg [/usr/lib/gcc/x86_64-linux-gnu/9/crtendS.o] ==> ignore
    arg [/usr/lib/gcc/x86_64-linux-gnu/9/../../../x86_64-linux-gnu/crtn.o] ==> ignore
  collapse library dir [/opt/intel/oneapi/vpl/2021.4.0/lib/../lib] ==> [/opt/intel/oneapi/vpl/2021.4.0/lib]
  collapse library dir [/opt/intel/oneapi/mpi/2021.3.0//libfabric/lib/../lib] ==> [/opt/intel/oneapi/mpi/2021.3.0/libfabric/lib]
  collapse library dir [/opt/intel/oneapi/mpi/2021.3.0//lib/../lib] ==> [/opt/intel/oneapi/mpi/2021.3.0/lib]
  collapse library dir [/opt/intel/oneapi/dnnl/2021.3.0/cpu_dpcpp_gpu_dpcpp/lib/../lib] ==> [/opt/intel/oneapi/dnnl/2021.3.0/cpu_dpcpp_gpu_dpcpp/lib]
  collapse library dir [/opt/intel/oneapi/compiler/2021.3.0/linux/lib/../lib] ==> [/opt/intel/oneapi/compiler/2021.3.0/linux/lib]
  collapse library dir [/usr/lib/gcc/x86_64-linux-gnu/9] ==> [/usr/lib/gcc/x86_64-linux-gnu/9]
  collapse library dir [/usr/lib/gcc/x86_64-linux-gnu/9/../../../x86_64-linux-gnu] ==> [/usr/lib/x86_64-linux-gnu]
  collapse library dir [/usr/lib/gcc/x86_64-linux-gnu/9/../../../../lib] ==> [/usr/lib]
  collapse library dir [/lib/x86_64-linux-gnu] ==> [/lib/x86_64-linux-gnu]
  collapse library dir [/lib/../lib] ==> [/lib]
  collapse library dir [/usr/lib/x86_64-linux-gnu] ==> [/usr/lib/x86_64-linux-gnu]
  collapse library dir [/usr/lib/../lib] ==> [/usr/lib]
  collapse library dir [/opt/intel/oneapi/vpl/2021.4.0/lib] ==> [/opt/intel/oneapi/vpl/2021.4.0/lib]
  collapse library dir [/opt/intel/oneapi/tbb/2021.3.0/env/../lib/intel64/gcc4.8] ==> [/opt/intel/oneapi/tbb/2021.3.0/lib/intel64/gcc4.8]
  collapse library dir [/opt/intel/oneapi/mpi/2021.3.0//libfabric/lib] ==> [/opt/intel/oneapi/mpi/2021.3.0/libfabric/lib]
  collapse library dir [/opt/intel/oneapi/mpi/2021.3.0//lib/release] ==> [/opt/intel/oneapi/mpi/2021.3.0/lib/release]
  collapse library dir [/opt/intel/oneapi/mpi/2021.3.0//lib] ==> [/opt/intel/oneapi/mpi/2021.3.0/lib]
  collapse library dir [/opt/intel/oneapi/mkl/2021.3.0/lib/intel64] ==> [/opt/intel/oneapi/mkl/2021.3.0/lib/intel64]
  collapse library dir [/opt/intel/oneapi/ipp/2021.3.0/lib/intel64] ==> [/opt/intel/oneapi/ipp/2021.3.0/lib/intel64]
  collapse library dir [/opt/intel/oneapi/ippcp/2021.3.0/lib/intel64] ==> [/opt/intel/oneapi/ippcp/2021.3.0/lib/intel64]
  collapse library dir [/opt/intel/oneapi/ipp/2021.3.0/lib/intel64] ==> [/opt/intel/oneapi/ipp/2021.3.0/lib/intel64]
  collapse library dir [/opt/intel/oneapi/dnnl/2021.3.0/cpu_dpcpp_gpu_dpcpp/lib] ==> [/opt/intel/oneapi/dnnl/2021.3.0/cpu_dpcpp_gpu_dpcpp/lib]
  collapse library dir [/opt/intel/oneapi/dal/2021.3.0/lib/intel64] ==> [/opt/intel/oneapi/dal/2021.3.0/lib/intel64]
  collapse library dir [/opt/intel/oneapi/compiler/2021.3.0/linux/compiler/lib/intel64_lin] ==> [/opt/intel/oneapi/compiler/2021.3.0/linux/compiler/lib/intel64_lin]
  collapse library dir [/opt/intel/oneapi/compiler/2021.3.0/linux/lib] ==> [/opt/intel/oneapi/compiler/2021.3.0/linux/lib]
  collapse library dir [/opt/intel/oneapi/ccl/2021.3.0/lib/cpu_gpu_dpcpp] ==> [/opt/intel/oneapi/ccl/2021.3.0/lib/cpu_gpu_dpcpp]
  collapse library dir [/usr/lib/gcc/x86_64-linux-gnu/9/../../..] ==> [/usr/lib]
  implicit libs: [stdc++;m;gcc_s;gcc;c;gcc_s;gcc]
  implicit dirs: [/opt/intel/oneapi/vpl/2021.4.0/lib;/opt/intel/oneapi/mpi/2021.3.0/libfabric/lib;/opt/intel/oneapi/mpi/2021.3.0/lib;/opt/intel/oneapi/dnnl/2021.3.0/cpu_dpcpp_gpu_dpcpp/lib;/opt/intel/oneapi/compiler/2021.3.0/linux/lib;/usr/lib/gcc/x86_64-linux-gnu/9;/usr/lib/x86_64-linux-gnu;/usr/lib;/lib/x86_64-linux-gnu;/lib;/opt/intel/oneapi/tbb/2021.3.0/lib/intel64/gcc4.8;/opt/intel/oneapi/mpi/2021.3.0/lib/release;/opt/intel/oneapi/mkl/2021.3.0/lib/intel64;/opt/intel/oneapi/ipp/2021.3.0/lib/intel64;/opt/intel/oneapi/ippcp/2021.3.0/lib/intel64;/opt/intel/oneapi/dal/2021.3.0/lib/intel64;/opt/intel/oneapi/compiler/2021.3.0/linux/compiler/lib/intel64_lin;/opt/intel/oneapi/ccl/2021.3.0/lib/cpu_gpu_dpcpp]
  implicit fwks: []


Determining if the include file pthread.h exists passed with the following output:
Change Dir: /media/yohello/hrm1/code-stuff/cross-dev/testing/CRender_push/CMakeFiles/CMakeTmp

Run Build Command(s):/usr/bin/make cmTC_b45ad/fast && /usr/bin/make -f CMakeFiles/cmTC_b45ad.dir/build.make CMakeFiles/cmTC_b45ad.dir/build
make[1]: Entering directory '/media/yohello/hrm1/code-stuff/cross-dev/testing/CRender_push/CMakeFiles/CMakeTmp'
Building C object CMakeFiles/cmTC_b45ad.dir/CheckIncludeFile.c.o
/usr/bin/cc    -o CMakeFiles/cmTC_b45ad.dir/CheckIncludeFile.c.o   -c /media/yohello/hrm1/code-stuff/cross-dev/testing/CRender_push/CMakeFiles/CMakeTmp/CheckIncludeFile.c
Linking C executable cmTC_b45ad
/usr/bin/cmake -E cmake_link_script CMakeFiles/cmTC_b45ad.dir/link.txt --verbose=1
/usr/bin/cc      -rdynamic CMakeFiles/cmTC_b45ad.dir/CheckIncludeFile.c.o  -o cmTC_b45ad 
make[1]: Leaving directory '/media/yohello/hrm1/code-stuff/cross-dev/testing/CRender_push/CMakeFiles/CMakeTmp'



Determining if the function pthread_create exists in the pthread passed with the following output:
Change Dir: /media/yohello/hrm1/code-stuff/cross-dev/testing/CRender_push/CMakeFiles/CMakeTmp

Run Build Command(s):/usr/bin/make cmTC_78610/fast && /usr/bin/make -f CMakeFiles/cmTC_78610.dir/build.make CMakeFiles/cmTC_78610.dir/build
make[1]: Entering directory '/media/yohello/hrm1/code-stuff/cross-dev/testing/CRender_push/CMakeFiles/CMakeTmp'
Building C object CMakeFiles/cmTC_78610.dir/CheckFunctionExists.c.o
/usr/bin/cc   -DCHECK_FUNCTION_EXISTS=pthread_create   -o CMakeFiles/cmTC_78610.dir/CheckFunctionExists.c.o   -c /usr/share/cmake-3.16/Modules/CheckFunctionExists.c
Linking C executable cmTC_78610
/usr/bin/cmake -E cmake_link_script CMakeFiles/cmTC_78610.dir/link.txt --verbose=1
/usr/bin/cc  -DCHECK_FUNCTION_EXISTS=pthread_create    -rdynamic CMakeFiles/cmTC_78610.dir/CheckFunctionExists.c.o  -o cmTC_78610  -lpthread 
make[1]: Leaving directory '/media/yohello/hrm1/code-stuff/cross-dev/testing/CRender_push/CMakeFiles/CMakeTmp'



Determining if the function XOpenDisplay exists in the /usr/lib/x86_64-linux-gnu/libX11.so;/usr/lib/x86_64-linux-gnu/libXext.so passed with the following output:
Change Dir: /media/yohello/hrm1/code-stuff/cross-dev/testing/CRender_push/CMakeFiles/CMakeTmp

Run Build Command(s):/usr/bin/make cmTC_94a61/fast && /usr/bin/make -f CMakeFiles/cmTC_94a61.dir/build.make CMakeFiles/cmTC_94a61.dir/build
make[1]: Entering directory '/media/yohello/hrm1/code-stuff/cross-dev/testing/CRender_push/CMakeFiles/CMakeTmp'
Building C object CMakeFiles/cmTC_94a61.dir/CheckFunctionExists.c.o
/usr/bin/cc   -DCHECK_FUNCTION_EXISTS=XOpenDisplay   -o CMakeFiles/cmTC_94a61.dir/CheckFunctionExists.c.o   -c /usr/share/cmake-3.16/Modules/CheckFunctionExists.c
Linking C executable cmTC_94a61
/usr/bin/cmake -E cmake_link_script CMakeFiles/cmTC_94a61.dir/link.txt --verbose=1
/usr/bin/cc  -DCHECK_FUNCTION_EXISTS=XOpenDisplay    -rdynamic CMakeFiles/cmTC_94a61.dir/CheckFunctionExists.c.o  -o cmTC_94a61  /usr/lib/x86_64-linux-gnu/libX11.so /usr/lib/x86_64-linux-gnu/libXext.so 
make[1]: Leaving directory '/media/yohello/hrm1/code-stuff/cross-dev/testing/CRender_push/CMakeFiles/CMakeTmp'



Determining if the function gethostbyname exists passed with the following output:
Change Dir: /media/yohello/hrm1/code-stuff/cross-dev/testing/CRender_push/CMakeFiles/CMakeTmp

Run Build Command(s):/usr/bin/make cmTC_a7fb4/fast && /usr/bin/make -f CMakeFiles/cmTC_a7fb4.dir/build.make CMakeFiles/cmTC_a7fb4.dir/build
make[1]: Entering directory '/media/yohello/hrm1/code-stuff/cross-dev/testing/CRender_push/CMakeFiles/CMakeTmp'
Building C object CMakeFiles/cmTC_a7fb4.dir/CheckFunctionExists.c.o
/usr/bin/cc   -DCHECK_FUNCTION_EXISTS=gethostbyname   -o CMakeFiles/cmTC_a7fb4.dir/CheckFunctionExists.c.o   -c /usr/share/cmake-3.16/Modules/CheckFunctionExists.c
Linking C executable cmTC_a7fb4
/usr/bin/cmake -E cmake_link_script CMakeFiles/cmTC_a7fb4.dir/link.txt --verbose=1
/usr/bin/cc  -DCHECK_FUNCTION_EXISTS=gethostbyname    -rdynamic CMakeFiles/cmTC_a7fb4.dir/CheckFunctionExists.c.o  -o cmTC_a7fb4 
make[1]: Leaving directory '/media/yohello/hrm1/code-stuff/cross-dev/testing/CRender_push/CMakeFiles/CMakeTmp'



Determining if the function connect exists passed with the following output:
Change Dir: /media/yohello/hrm1/code-stuff/cross-dev/testing/CRender_push/CMakeFiles/CMakeTmp

Run Build Command(s):/usr/bin/make cmTC_2032c/fast && /usr/bin/make -f CMakeFiles/cmTC_2032c.dir/build.make CMakeFiles/cmTC_2032c.dir/build
make[1]: Entering directory '/media/yohello/hrm1/code-stuff/cross-dev/testing/CRender_push/CMakeFiles/CMakeTmp'
Building C object CMakeFiles/cmTC_2032c.dir/CheckFunctionExists.c.o
/usr/bin/cc   -DCHECK_FUNCTION_EXISTS=connect   -o CMakeFiles/cmTC_2032c.dir/CheckFunctionExists.c.o   -c /usr/share/cmake-3.16/Modules/CheckFunctionExists.c
Linking C executable cmTC_2032c
/usr/bin/cmake -E cmake_link_script CMakeFiles/cmTC_2032c.dir/link.txt --verbose=1
/usr/bin/cc  -DCHECK_FUNCTION_EXISTS=connect    -rdynamic CMakeFiles/cmTC_2032c.dir/CheckFunctionExists.c.o  -o cmTC_2032c 
make[1]: Leaving directory '/media/yohello/hrm1/code-stuff/cross-dev/testing/CRender_push/CMakeFiles/CMakeTmp'



Determining if the function remove exists passed with the following output:
Change Dir: /media/yohello/hrm1/code-stuff/cross-dev/testing/CRender_push/CMakeFiles/CMakeTmp

Run Build Command(s):/usr/bin/make cmTC_85260/fast && /usr/bin/make -f CMakeFiles/cmTC_85260.dir/build.make CMakeFiles/cmTC_85260.dir/build
make[1]: Entering directory '/media/yohello/hrm1/code-stuff/cross-dev/testing/CRender_push/CMakeFiles/CMakeTmp'
Building C object CMakeFiles/cmTC_85260.dir/CheckFunctionExists.c.o
/usr/bin/cc   -DCHECK_FUNCTION_EXISTS=remove   -o CMakeFiles/cmTC_85260.dir/CheckFunctionExists.c.o   -c /usr/share/cmake-3.16/Modules/CheckFunctionExists.c
Linking C executable cmTC_85260
/usr/bin/cmake -E cmake_link_script CMakeFiles/cmTC_85260.dir/link.txt --verbose=1
/usr/bin/cc  -DCHECK_FUNCTION_EXISTS=remove    -rdynamic CMakeFiles/cmTC_85260.dir/CheckFunctionExists.c.o  -o cmTC_85260 
make[1]: Leaving directory '/media/yohello/hrm1/code-stuff/cross-dev/testing/CRender_push/CMakeFiles/CMakeTmp'



Determining if the function shmat exists passed with the following output:
Change Dir: /media/yohello/hrm1/code-stuff/cross-dev/testing/CRender_push/CMakeFiles/CMakeTmp

Run Build Command(s):/usr/bin/make cmTC_8e796/fast && /usr/bin/make -f CMakeFiles/cmTC_8e796.dir/build.make CMakeFiles/cmTC_8e796.dir/build
make[1]: Entering directory '/media/yohello/hrm1/code-stuff/cross-dev/testing/CRender_push/CMakeFiles/CMakeTmp'
Building C object CMakeFiles/cmTC_8e796.dir/CheckFunctionExists.c.o
/usr/bin/cc   -DCHECK_FUNCTION_EXISTS=shmat   -o CMakeFiles/cmTC_8e796.dir/CheckFunctionExists.c.o   -c /usr/share/cmake-3.16/Modules/CheckFunctionExists.c
Linking C executable cmTC_8e796
/usr/bin/cmake -E cmake_link_script CMakeFiles/cmTC_8e796.dir/link.txt --verbose=1
/usr/bin/cc  -DCHECK_FUNCTION_EXISTS=shmat    -rdynamic CMakeFiles/cmTC_8e796.dir/CheckFunctionExists.c.o  -o cmTC_8e796 
make[1]: Leaving directory '/media/yohello/hrm1/code-stuff/cross-dev/testing/CRender_push/CMakeFiles/CMakeTmp'



Determining if the function IceConnectionNumber exists in the ICE passed with the following output:
Change Dir: /media/yohello/hrm1/code-stuff/cross-dev/testing/CRender_push/CMakeFiles/CMakeTmp

Run Build Command(s):/usr/bin/make cmTC_0e6cc/fast && /usr/bin/make -f CMakeFiles/cmTC_0e6cc.dir/build.make CMakeFiles/cmTC_0e6cc.dir/build
make[1]: Entering directory '/media/yohello/hrm1/code-stuff/cross-dev/testing/CRender_push/CMakeFiles/CMakeTmp'
Building C object CMakeFiles/cmTC_0e6cc.dir/CheckFunctionExists.c.o
/usr/bin/cc   -DCHECK_FUNCTION_EXISTS=IceConnectionNumber   -o CMakeFiles/cmTC_0e6cc.dir/CheckFunctionExists.c.o   -c /usr/share/cmake-3.16/Modules/CheckFunctionExists.c
Linking C executable cmTC_0e6cc
/usr/bin/cmake -E cmake_link_script CMakeFiles/cmTC_0e6cc.dir/link.txt --verbose=1
/usr/bin/cc  -DCHECK_FUNCTION_EXISTS=IceConnectionNumber    -rdynamic CMakeFiles/cmTC_0e6cc.dir/CheckFunctionExists.c.o  -o cmTC_0e6cc  -lICE 
make[1]: Leaving directory '/media/yohello/hrm1/code-stuff/cross-dev/testing/CRender_push/CMakeFiles/CMakeTmp'



Performing C++ SOURCE FILE Test has_std_17_flag succeeded with the following output:
Change Dir: /media/yohello/hrm1/code-stuff/cross-dev/testing/CRender_push/CMakeFiles/CMakeTmp

Run Build Command(s):/usr/bin/make cmTC_0e39a/fast && /usr/bin/make -f CMakeFiles/cmTC_0e39a.dir/build.make CMakeFiles/cmTC_0e39a.dir/build
make[1]: Entering directory '/media/yohello/hrm1/code-stuff/cross-dev/testing/CRender_push/CMakeFiles/CMakeTmp'
Building CXX object CMakeFiles/cmTC_0e39a.dir/src.cxx.o
/usr/bin/c++    -march=native -fpermissive -Dhas_std_17_flag   -std=c++17 -std=gnu++17 -o CMakeFiles/cmTC_0e39a.dir/src.cxx.o -c /media/yohello/hrm1/code-stuff/cross-dev/testing/CRender_push/CMakeFiles/CMakeTmp/src.cxx
Linking CXX executable cmTC_0e39a
/usr/bin/cmake -E cmake_link_script CMakeFiles/cmTC_0e39a.dir/link.txt --verbose=1
/usr/bin/c++   -march=native -fpermissive -Dhas_std_17_flag    CMakeFiles/cmTC_0e39a.dir/src.cxx.o  -o cmTC_0e39a 
make[1]: Leaving directory '/media/yohello/hrm1/code-stuff/cross-dev/testing/CRender_push/CMakeFiles/CMakeTmp'


Source file was:
int main() { return 0; }
Performing C++ SOURCE FILE Test has_std_1z_flag succeeded with the following output:
Change Dir: /media/yohello/hrm1/code-stuff/cross-dev/testing/CRender_push/CMakeFiles/CMakeTmp

Run Build Command(s):/usr/bin/make cmTC_381b9/fast && /usr/bin/make -f CMakeFiles/cmTC_381b9.dir/build.make CMakeFiles/cmTC_381b9.dir/build
make[1]: Entering directory '/media/yohello/hrm1/code-stuff/cross-dev/testing/CRender_push/CMakeFiles/CMakeTmp'
Building CXX object CMakeFiles/cmTC_381b9.dir/src.cxx.o
/usr/bin/c++    -march=native -fpermissive -Dhas_std_1z_flag   -std=c++1z -std=gnu++17 -o CMakeFiles/cmTC_381b9.dir/src.cxx.o -c /media/yohello/hrm1/code-stuff/cross-dev/testing/CRender_push/CMakeFiles/CMakeTmp/src.cxx
Linking CXX executable cmTC_381b9
/usr/bin/cmake -E cmake_link_script CMakeFiles/cmTC_381b9.dir/link.txt --verbose=1
/usr/bin/c++   -march=native -fpermissive -Dhas_std_1z_flag    CMakeFiles/cmTC_381b9.dir/src.cxx.o  -o cmTC_381b9 
make[1]: Leaving directory '/media/yohello/hrm1/code-stuff/cross-dev/testing/CRender_push/CMakeFiles/CMakeTmp'


Source file was:
int main() { return 0; }
Performing C++ SOURCE FILE Test SUPPORTS_USER_DEFINED_LITERALS succeeded with the following output:
Change Dir: /media/yohello/hrm1/code-stuff/cross-dev/testing/CRender_push/CMakeFiles/CMakeTmp

Run Build Command(s):/usr/bin/make cmTC_caae1/fast && /usr/bin/make -f CMakeFiles/cmTC_caae1.dir/build.make CMakeFiles/cmTC_caae1.dir/build
make[1]: Entering directory '/media/yohello/hrm1/code-stuff/cross-dev/testing/CRender_push/CMakeFiles/CMakeTmp'
Building CXX object CMakeFiles/cmTC_caae1.dir/src.cxx.o
/usr/bin/c++    -march=native -fpermissive -DSUPPORTS_USER_DEFINED_LITERALS -std=c++17   -std=gnu++17 -o CMakeFiles/cmTC_caae1.dir/src.cxx.o -c /media/yohello/hrm1/code-stuff/cross-dev/testing/CRender_push/CMakeFiles/CMakeTmp/src.cxx
Linking CXX executable cmTC_caae1
/usr/bin/cmake -E cmake_link_script CMakeFiles/cmTC_caae1.dir/link.txt --verbose=1
/usr/bin/c++   -march=native -fpermissive -DSUPPORTS_USER_DEFINED_LITERALS -std=c++17    CMakeFiles/cmTC_caae1.dir/src.cxx.o  -o cmTC_caae1 
make[1]: Leaving directory '/media/yohello/hrm1/code-stuff/cross-dev/testing/CRender_push/CMakeFiles/CMakeTmp'


Source file was:

  void operator"" _udl(long double);
  int main() {}
Performing C++ SOURCE FILE Test FMT_HAS_VARIANT succeeded with the following output:
Change Dir: /media/yohello/hrm1/code-stuff/cross-dev/testing/CRender_push/CMakeFiles/CMakeTmp

Run Build Command(s):/usr/bin/make cmTC_de8d7/fast && /usr/bin/make -f CMakeFiles/cmTC_de8d7.dir/build.make CMakeFiles/cmTC_de8d7.dir/build
make[1]: Entering directory '/media/yohello/hrm1/code-stuff/cross-dev/testing/CRender_push/CMakeFiles/CMakeTmp'
Building CXX object CMakeFiles/cmTC_de8d7.dir/src.cxx.o
/usr/bin/c++    -march=native -fpermissive -DFMT_HAS_VARIANT -std=c++1z   -std=gnu++17 -o CMakeFiles/cmTC_de8d7.dir/src.cxx.o -c /media/yohello/hrm1/code-stuff/cross-dev/testing/CRender_push/CMakeFiles/CMakeTmp/src.cxx
Linking CXX executable cmTC_de8d7
/usr/bin/cmake -E cmake_link_script CMakeFiles/cmTC_de8d7.dir/link.txt --verbose=1
/usr/bin/c++   -march=native -fpermissive -DFMT_HAS_VARIANT -std=c++1z    CMakeFiles/cmTC_de8d7.dir/src.cxx.o  -o cmTC_de8d7 
make[1]: Leaving directory '/media/yohello/hrm1/code-stuff/cross-dev/testing/CRender_push/CMakeFiles/CMakeTmp'


Source file was:

  #include <variant>
  int main() {}
