make --dry-run --always-make --keep-going --print-directory
make: Entering directory '/media/yohello/hrm2/code-stuff/CRender'
/usr/local/bin/cmake -S/media/yohello/hrm2/code-stuff/CRender -B/media/yohello/hrm2/code-stuff/CRender --check-build-system CMakeFiles/Makefile.cmake 0
/usr/local/bin/cmake -E cmake_progress_start /media/yohello/hrm2/code-stuff/CRender/CMakeFiles /media/yohello/hrm2/code-stuff/CRender//CMakeFiles/progress.marks
make -s -f CMakeFiles/Makefile2 all
make[1]: Entering directory '/media/yohello/hrm2/code-stuff/CRender'
make -s -f _deps/fmt-build/CMakeFiles/fmt.dir/build.make _deps/fmt-build/CMakeFiles/fmt.dir/depend
 
make[2]: Entering directory '/media/yohello/hrm2/code-stuff/CRender'
cd /media/yohello/hrm2/code-stuff/CRender && /usr/local/bin/cmake -E cmake_depends "Unix Makefiles" /media/yohello/hrm2/code-stuff/CRender /media/yohello/hrm2/code-stuff/CRender/_deps/fmt-src /media/yohello/hrm2/code-stuff/CRender /media/yohello/hrm2/code-stuff/CRender/_deps/fmt-build /media/yohello/hrm2/code-stuff/CRender/_deps/fmt-build/CMakeFiles/fmt.dir/DependInfo.cmake --color=
make[2]: Leaving directory '/media/yohello/hrm2/code-stuff/CRender'
make -s -f _deps/fmt-build/CMakeFiles/fmt.dir/build.make _deps/fmt-build/CMakeFiles/fmt.dir/build
make[2]: Entering directory '/media/yohello/hrm2/code-stuff/CRender'
/usr/local/bin/cmake -E cmake_echo_color --switch= --green --progress-dir=/media/yohello/hrm2/code-stuff/CRender/CMakeFiles --progress-num=27 "Building CXX object _deps/fmt-build/CMakeFiles/fmt.dir/src/format.cc.o"
cd /media/yohello/hrm2/code-stuff/CRender/_deps/fmt-build && /usr/bin/c++  -I/media/yohello/hrm2/code-stuff/CRender/_deps/fmt-src/include -march=native -Wattributes -Wint-to-pointer-cast -O3 -DNDEBUG -std=gnu++17 -MD -MT _deps/fmt-build/CMakeFiles/fmt.dir/src/format.cc.o -MF CMakeFiles/fmt.dir/src/format.cc.o.d -o CMakeFiles/fmt.dir/src/format.cc.o -c /media/yohello/hrm2/code-stuff/CRender/_deps/fmt-src/src/format.cc
/usr/local/bin/cmake -E cmake_echo_color --switch= --green --progress-dir=/media/yohello/hrm2/code-stuff/CRender/CMakeFiles --progress-num=28 "Building CXX object _deps/fmt-build/CMakeFiles/fmt.dir/src/os.cc.o"
cd /media/yohello/hrm2/code-stuff/CRender/_deps/fmt-build && /usr/bin/c++  -I/media/yohello/hrm2/code-stuff/CRender/_deps/fmt-src/include -march=native -Wattributes -Wint-to-pointer-cast -O3 -DNDEBUG -std=gnu++17 -MD -MT _deps/fmt-build/CMakeFiles/fmt.dir/src/os.cc.o -MF CMakeFiles/fmt.dir/src/os.cc.o.d -o CMakeFiles/fmt.dir/src/os.cc.o -c /media/yohello/hrm2/code-stuff/CRender/_deps/fmt-src/src/os.cc
/usr/local/bin/cmake -E cmake_echo_color --switch= --green --bold --progress-dir=/media/yohello/hrm2/code-stuff/CRender/CMakeFiles --progress-num=29 "Linking CXX static library libfmt.a"
cd /media/yohello/hrm2/code-stuff/CRender/_deps/fmt-build && /usr/local/bin/cmake -P CMakeFiles/fmt.dir/cmake_clean_target.cmake
cd /media/yohello/hrm2/code-stuff/CRender/_deps/fmt-build && /usr/local/bin/cmake -E cmake_link_script CMakeFiles/fmt.dir/link.txt --verbose=
make[2]: Leaving directory '/media/yohello/hrm2/code-stuff/CRender'
/usr/local/bin/cmake -E cmake_echo_color --switch= --progress-dir=/media/yohello/hrm2/code-stuff/CRender/CMakeFiles --progress-num=27,28,29 "Built target fmt"
make -s -f _deps/glfw-build/src/CMakeFiles/glfw.dir/build.make _deps/glfw-build/src/CMakeFiles/glfw.dir/depend
make[2]: Entering directory '/media/yohello/hrm2/code-stuff/CRender'
cd /media/yohello/hrm2/code-stuff/CRender && /usr/local/bin/cmake -E cmake_depends "Unix Makefiles" /media/yohello/hrm2/code-stuff/CRender /media/yohello/hrm2/code-stuff/CRender/_deps/glfw-src/src /media/yohello/hrm2/code-stuff/CRender /media/yohello/hrm2/code-stuff/CRender/_deps/glfw-build/src /media/yohello/hrm2/code-stuff/CRender/_deps/glfw-build/src/CMakeFiles/glfw.dir/DependInfo.cmake --color=
make[2]: Leaving directory '/media/yohello/hrm2/code-stuff/CRender'
make -s -f _deps/glfw-build/src/CMakeFiles/glfw.dir/build.make _deps/glfw-build/src/CMakeFiles/glfw.dir/build
 
make[2]: Entering directory '/media/yohello/hrm2/code-stuff/CRender'
/usr/local/bin/cmake -E cmake_echo_color --switch= --green --progress-dir=/media/yohello/hrm2/code-stuff/CRender/CMakeFiles --progress-num=30 "Building C object _deps/glfw-build/src/CMakeFiles/glfw.dir/context.c.o"
cd /media/yohello/hrm2/code-stuff/CRender/_deps/glfw-build/src && /usr/bin/cc -D_GLFW_USE_CONFIG_H -I/media/yohello/hrm2/code-stuff/CRender/_deps/glfw-src/include -I/media/yohello/hrm2/code-stuff/CRender/_deps/glfw-src/src -I/media/yohello/hrm2/code-stuff/CRender/_deps/glfw-build/src -O3 -DNDEBUG -fPIC -Wall -std=gnu99 -Wdeclaration-after-statement -MD -MT _deps/glfw-build/src/CMakeFiles/glfw.dir/context.c.o -MF CMakeFiles/glfw.dir/context.c.o.d -o CMakeFiles/glfw.dir/context.c.o -c /media/yohello/hrm2/code-stuff/CRender/_deps/glfw-src/src/context.c
/usr/local/bin/cmake -E cmake_echo_color --switch= --green --progress-dir=/media/yohello/hrm2/code-stuff/CRender/CMakeFiles --progress-num=31 "Building C object _deps/glfw-build/src/CMakeFiles/glfw.dir/init.c.o"
cd /media/yohello/hrm2/code-stuff/CRender/_deps/glfw-build/src && /usr/bin/cc -D_GLFW_USE_CONFIG_H -I/media/yohello/hrm2/code-stuff/CRender/_deps/glfw-src/include -I/media/yohello/hrm2/code-stuff/CRender/_deps/glfw-src/src -I/media/yohello/hrm2/code-stuff/CRender/_deps/glfw-build/src -O3 -DNDEBUG -fPIC -Wall -std=gnu99 -Wdeclaration-after-statement -MD -MT _deps/glfw-build/src/CMakeFiles/glfw.dir/init.c.o -MF CMakeFiles/glfw.dir/init.c.o.d -o CMakeFiles/glfw.dir/init.c.o -c /media/yohello/hrm2/code-stuff/CRender/_deps/glfw-src/src/init.c
/usr/local/bin/cmake -E cmake_echo_color --switch= --green --progress-dir=/media/yohello/hrm2/code-stuff/CRender/CMakeFiles --progress-num=32 "Building C object _deps/glfw-build/src/CMakeFiles/glfw.dir/input.c.o"
cd /media/yohello/hrm2/code-stuff/CRender/_deps/glfw-build/src && /usr/bin/cc -D_GLFW_USE_CONFIG_H -I/media/yohello/hrm2/code-stuff/CRender/_deps/glfw-src/include -I/media/yohello/hrm2/code-stuff/CRender/_deps/glfw-src/src -I/media/yohello/hrm2/code-stuff/CRender/_deps/glfw-build/src -O3 -DNDEBUG -fPIC -Wall -std=gnu99 -Wdeclaration-after-statement -MD -MT _deps/glfw-build/src/CMakeFiles/glfw.dir/input.c.o -MF CMakeFiles/glfw.dir/input.c.o.d -o CMakeFiles/glfw.dir/input.c.o -c /media/yohello/hrm2/code-stuff/CRender/_deps/glfw-src/src/input.c
/usr/local/bin/cmake -E cmake_echo_color --switch= --green --progress-dir=/media/yohello/hrm2/code-stuff/CRender/CMakeFiles --progress-num=33 "Building C object _deps/glfw-build/src/CMakeFiles/glfw.dir/monitor.c.o"
cd /media/yohello/hrm2/code-stuff/CRender/_deps/glfw-build/src && /usr/bin/cc -D_GLFW_USE_CONFIG_H -I/media/yohello/hrm2/code-stuff/CRender/_deps/glfw-src/include -I/media/yohello/hrm2/code-stuff/CRender/_deps/glfw-src/src -I/media/yohello/hrm2/code-stuff/CRender/_deps/glfw-build/src -O3 -DNDEBUG -fPIC -Wall -std=gnu99 -Wdeclaration-after-statement -MD -MT _deps/glfw-build/src/CMakeFiles/glfw.dir/monitor.c.o -MF CMakeFiles/glfw.dir/monitor.c.o.d -o CMakeFiles/glfw.dir/monitor.c.o -c /media/yohello/hrm2/code-stuff/CRender/_deps/glfw-src/src/monitor.c
/usr/local/bin/cmake -E cmake_echo_color --switch= --green --progress-dir=/media/yohello/hrm2/code-stuff/CRender/CMakeFiles --progress-num=34 "Building C object _deps/glfw-build/src/CMakeFiles/glfw.dir/vulkan.c.o"
cd /media/yohello/hrm2/code-stuff/CRender/_deps/glfw-build/src && /usr/bin/cc -D_GLFW_USE_CONFIG_H -I/media/yohello/hrm2/code-stuff/CRender/_deps/glfw-src/include -I/media/yohello/hrm2/code-stuff/CRender/_deps/glfw-src/src -I/media/yohello/hrm2/code-stuff/CRender/_deps/glfw-build/src -O3 -DNDEBUG -fPIC -Wall -std=gnu99 -Wdeclaration-after-statement -MD -MT _deps/glfw-build/src/CMakeFiles/glfw.dir/vulkan.c.o -MF CMakeFiles/glfw.dir/vulkan.c.o.d -o CMakeFiles/glfw.dir/vulkan.c.o -c /media/yohello/hrm2/code-stuff/CRender/_deps/glfw-src/src/vulkan.c
/usr/local/bin/cmake -E cmake_echo_color --switch= --green --progress-dir=/media/yohello/hrm2/code-stuff/CRender/CMakeFiles --progress-num=35 "Building C object _deps/glfw-build/src/CMakeFiles/glfw.dir/window.c.o"
cd /media/yohello/hrm2/code-stuff/CRender/_deps/glfw-build/src && /usr/bin/cc -D_GLFW_USE_CONFIG_H -I/media/yohello/hrm2/code-stuff/CRender/_deps/glfw-src/include -I/media/yohello/hrm2/code-stuff/CRender/_deps/glfw-src/src -I/media/yohello/hrm2/code-stuff/CRender/_deps/glfw-build/src -O3 -DNDEBUG -fPIC -Wall -std=gnu99 -Wdeclaration-after-statement -MD -MT _deps/glfw-build/src/CMakeFiles/glfw.dir/window.c.o -MF CMakeFiles/glfw.dir/window.c.o.d -o CMakeFiles/glfw.dir/window.c.o -c /media/yohello/hrm2/code-stuff/CRender/_deps/glfw-src/src/window.c
/usr/local/bin/cmake -E cmake_echo_color --switch= --green --progress-dir=/media/yohello/hrm2/code-stuff/CRender/CMakeFiles --progress-num=36 "Building C object _deps/glfw-build/src/CMakeFiles/glfw.dir/x11_init.c.o"
cd /media/yohello/hrm2/code-stuff/CRender/_deps/glfw-build/src && /usr/bin/cc -D_GLFW_USE_CONFIG_H -I/media/yohello/hrm2/code-stuff/CRender/_deps/glfw-src/include -I/media/yohello/hrm2/code-stuff/CRender/_deps/glfw-src/src -I/media/yohello/hrm2/code-stuff/CRender/_deps/glfw-build/src -O3 -DNDEBUG -fPIC -Wall -std=gnu99 -MD -MT _deps/glfw-build/src/CMakeFiles/glfw.dir/x11_init.c.o -MF CMakeFiles/glfw.dir/x11_init.c.o.d -o CMakeFiles/glfw.dir/x11_init.c.o -c /media/yohello/hrm2/code-stuff/CRender/_deps/glfw-src/src/x11_init.c
/usr/local/bin/cmake -E cmake_echo_color --switch= --green --progress-dir=/media/yohello/hrm2/code-stuff/CRender/CMakeFiles --progress-num=37 "Building C object _deps/glfw-build/src/CMakeFiles/glfw.dir/x11_monitor.c.o"
cd /media/yohello/hrm2/code-stuff/CRender/_deps/glfw-build/src && /usr/bin/cc -D_GLFW_USE_CONFIG_H -I/media/yohello/hrm2/code-stuff/CRender/_deps/glfw-src/include -I/media/yohello/hrm2/code-stuff/CRender/_deps/glfw-src/src -I/media/yohello/hrm2/code-stuff/CRender/_deps/glfw-build/src -O3 -DNDEBUG -fPIC -Wall -std=gnu99 -MD -MT _deps/glfw-build/src/CMakeFiles/glfw.dir/x11_monitor.c.o -MF CMakeFiles/glfw.dir/x11_monitor.c.o.d -o CMakeFiles/glfw.dir/x11_monitor.c.o -c /media/yohello/hrm2/code-stuff/CRender/_deps/glfw-src/src/x11_monitor.c
/usr/local/bin/cmake -E cmake_echo_color --switch= --green --progress-dir=/media/yohello/hrm2/code-stuff/CRender/CMakeFiles --progress-num=38 "Building C object _deps/glfw-build/src/CMakeFiles/glfw.dir/x11_window.c.o"
cd /media/yohello/hrm2/code-stuff/CRender/_deps/glfw-build/src && /usr/bin/cc -D_GLFW_USE_CONFIG_H -I/media/yohello/hrm2/code-stuff/CRender/_deps/glfw-src/include -I/media/yohello/hrm2/code-stuff/CRender/_deps/glfw-src/src -I/media/yohello/hrm2/code-stuff/CRender/_deps/glfw-build/src -O3 -DNDEBUG -fPIC -Wall -std=gnu99 -MD -MT _deps/glfw-build/src/CMakeFiles/glfw.dir/x11_window.c.o -MF CMakeFiles/glfw.dir/x11_window.c.o.d -o CMakeFiles/glfw.dir/x11_window.c.o -c /media/yohello/hrm2/code-stuff/CRender/_deps/glfw-src/src/x11_window.c
/usr/local/bin/cmake -E cmake_echo_color --switch= --green --progress-dir=/media/yohello/hrm2/code-stuff/CRender/CMakeFiles --progress-num=39 "Building C object _deps/glfw-build/src/CMakeFiles/glfw.dir/xkb_unicode.c.o"
cd /media/yohello/hrm2/code-stuff/CRender/_deps/glfw-build/src && /usr/bin/cc -D_GLFW_USE_CONFIG_H -I/media/yohello/hrm2/code-stuff/CRender/_deps/glfw-src/include -I/media/yohello/hrm2/code-stuff/CRender/_deps/glfw-src/src -I/media/yohello/hrm2/code-stuff/CRender/_deps/glfw-build/src -O3 -DNDEBUG -fPIC -Wall -std=gnu99 -MD -MT _deps/glfw-build/src/CMakeFiles/glfw.dir/xkb_unicode.c.o -MF CMakeFiles/glfw.dir/xkb_unicode.c.o.d -o CMakeFiles/glfw.dir/xkb_unicode.c.o -c /media/yohello/hrm2/code-stuff/CRender/_deps/glfw-src/src/xkb_unicode.c
/usr/local/bin/cmake -E cmake_echo_color --switch= --green --progress-dir=/media/yohello/hrm2/code-stuff/CRender/CMakeFiles --progress-num=40 "Building C object _deps/glfw-build/src/CMakeFiles/glfw.dir/posix_time.c.o"
cd /media/yohello/hrm2/code-stuff/CRender/_deps/glfw-build/src && /usr/bin/cc -D_GLFW_USE_CONFIG_H -I/media/yohello/hrm2/code-stuff/CRender/_deps/glfw-src/include -I/media/yohello/hrm2/code-stuff/CRender/_deps/glfw-src/src -I/media/yohello/hrm2/code-stuff/CRender/_deps/glfw-build/src -O3 -DNDEBUG -fPIC -Wall -std=gnu99 -MD -MT _deps/glfw-build/src/CMakeFiles/glfw.dir/posix_time.c.o -MF CMakeFiles/glfw.dir/posix_time.c.o.d -o CMakeFiles/glfw.dir/posix_time.c.o -c /media/yohello/hrm2/code-stuff/CRender/_deps/glfw-src/src/posix_time.c
/usr/local/bin/cmake -E cmake_echo_color --switch= --green --progress-dir=/media/yohello/hrm2/code-stuff/CRender/CMakeFiles --progress-num=41 "Building C object _deps/glfw-build/src/CMakeFiles/glfw.dir/posix_thread.c.o"
cd /media/yohello/hrm2/code-stuff/CRender/_deps/glfw-build/src && /usr/bin/cc -D_GLFW_USE_CONFIG_H -I/media/yohello/hrm2/code-stuff/CRender/_deps/glfw-src/include -I/media/yohello/hrm2/code-stuff/CRender/_deps/glfw-src/src -I/media/yohello/hrm2/code-stuff/CRender/_deps/glfw-build/src -O3 -DNDEBUG -fPIC -Wall -std=gnu99 -MD -MT _deps/glfw-build/src/CMakeFiles/glfw.dir/posix_thread.c.o -MF CMakeFiles/glfw.dir/posix_thread.c.o.d -o CMakeFiles/glfw.dir/posix_thread.c.o -c /media/yohello/hrm2/code-stuff/CRender/_deps/glfw-src/src/posix_thread.c
/usr/local/bin/cmake -E cmake_echo_color --switch= --green --progress-dir=/media/yohello/hrm2/code-stuff/CRender/CMakeFiles --progress-num=42 "Building C object _deps/glfw-build/src/CMakeFiles/glfw.dir/glx_context.c.o"
cd /media/yohello/hrm2/code-stuff/CRender/_deps/glfw-build/src && /usr/bin/cc -D_GLFW_USE_CONFIG_H -I/media/yohello/hrm2/code-stuff/CRender/_deps/glfw-src/include -I/media/yohello/hrm2/code-stuff/CRender/_deps/glfw-src/src -I/media/yohello/hrm2/code-stuff/CRender/_deps/glfw-build/src -O3 -DNDEBUG -fPIC -Wall -std=gnu99 -MD -MT _deps/glfw-build/src/CMakeFiles/glfw.dir/glx_context.c.o -MF CMakeFiles/glfw.dir/glx_context.c.o.d -o CMakeFiles/glfw.dir/glx_context.c.o -c /media/yohello/hrm2/code-stuff/CRender/_deps/glfw-src/src/glx_context.c
/usr/local/bin/cmake -E cmake_echo_color --switch= --green --progress-dir=/media/yohello/hrm2/code-stuff/CRender/CMakeFiles --progress-num=43 "Building C object _deps/glfw-build/src/CMakeFiles/glfw.dir/egl_context.c.o"
cd /media/yohello/hrm2/code-stuff/CRender/_deps/glfw-build/src && /usr/bin/cc -D_GLFW_USE_CONFIG_H -I/media/yohello/hrm2/code-stuff/CRender/_deps/glfw-src/include -I/media/yohello/hrm2/code-stuff/CRender/_deps/glfw-src/src -I/media/yohello/hrm2/code-stuff/CRender/_deps/glfw-build/src -O3 -DNDEBUG -fPIC -Wall -std=gnu99 -Wdeclaration-after-statement -MD -MT _deps/glfw-build/src/CMakeFiles/glfw.dir/egl_context.c.o -MF CMakeFiles/glfw.dir/egl_context.c.o.d -o CMakeFiles/glfw.dir/egl_context.c.o -c /media/yohello/hrm2/code-stuff/CRender/_deps/glfw-src/src/egl_context.c
/usr/local/bin/cmake -E cmake_echo_color --switch= --green --progress-dir=/media/yohello/hrm2/code-stuff/CRender/CMakeFiles --progress-num=44 "Building C object _deps/glfw-build/src/CMakeFiles/glfw.dir/osmesa_context.c.o"
cd /media/yohello/hrm2/code-stuff/CRender/_deps/glfw-build/src && /usr/bin/cc -D_GLFW_USE_CONFIG_H -I/media/yohello/hrm2/code-stuff/CRender/_deps/glfw-src/include -I/media/yohello/hrm2/code-stuff/CRender/_deps/glfw-src/src -I/media/yohello/hrm2/code-stuff/CRender/_deps/glfw-build/src -O3 -DNDEBUG -fPIC -Wall -std=gnu99 -Wdeclaration-after-statement -MD -MT _deps/glfw-build/src/CMakeFiles/glfw.dir/osmesa_context.c.o -MF CMakeFiles/glfw.dir/osmesa_context.c.o.d -o CMakeFiles/glfw.dir/osmesa_context.c.o -c /media/yohello/hrm2/code-stuff/CRender/_deps/glfw-src/src/osmesa_context.c
/usr/local/bin/cmake -E cmake_echo_color --switch= --green --progress-dir=/media/yohello/hrm2/code-stuff/CRender/CMakeFiles --progress-num=45 "Building C object _deps/glfw-build/src/CMakeFiles/glfw.dir/linux_joystick.c.o"
cd /media/yohello/hrm2/code-stuff/CRender/_deps/glfw-build/src && /usr/bin/cc -D_GLFW_USE_CONFIG_H -I/media/yohello/hrm2/code-stuff/CRender/_deps/glfw-src/include -I/media/yohello/hrm2/code-stuff/CRender/_deps/glfw-src/src -I/media/yohello/hrm2/code-stuff/CRender/_deps/glfw-build/src -O3 -DNDEBUG -fPIC -Wall -std=gnu99 -MD -MT _deps/glfw-build/src/CMakeFiles/glfw.dir/linux_joystick.c.o -MF CMakeFiles/glfw.dir/linux_joystick.c.o.d -o CMakeFiles/glfw.dir/linux_joystick.c.o -c /media/yohello/hrm2/code-stuff/CRender/_deps/glfw-src/src/linux_joystick.c
/usr/local/bin/cmake -E cmake_echo_color --switch= --green --bold --progress-dir=/media/yohello/hrm2/code-stuff/CRender/CMakeFiles --progress-num=46 "Linking C static library libglfw3.a"
cd /media/yohello/hrm2/code-stuff/CRender/_deps/glfw-build/src && /usr/local/bin/cmake -P CMakeFiles/glfw.dir/cmake_clean_target.cmake
cd /media/yohello/hrm2/code-stuff/CRender/_deps/glfw-build/src && /usr/local/bin/cmake -E cmake_link_script CMakeFiles/glfw.dir/link.txt --verbose=
make[2]: Leaving directory '/media/yohello/hrm2/code-stuff/CRender'
/usr/local/bin/cmake -E cmake_echo_color --switch= --progress-dir=/media/yohello/hrm2/code-stuff/CRender/CMakeFiles --progress-num=30,31,32,33,34,35,36,37,38,39,40,41,42,43,44,45,46 "Built target glfw"
make -s -f CMakeFiles/CRender.dir/build.make CMakeFiles/CRender.dir/depend
make[2]: Entering directory '/media/yohello/hrm2/code-stuff/CRender'
cd /media/yohello/hrm2/code-stuff/CRender && /usr/local/bin/cmake -E cmake_depends "Unix Makefiles" /media/yohello/hrm2/code-stuff/CRender /media/yohello/hrm2/code-stuff/CRender /media/yohello/hrm2/code-stuff/CRender /media/yohello/hrm2/code-stuff/CRender /media/yohello/hrm2/code-stuff/CRender/CMakeFiles/CRender.dir/DependInfo.cmake --color=
make[2]: Leaving directory '/media/yohello/hrm2/code-stuff/CRender'
make -s -f CMakeFiles/CRender.dir/build.make CMakeFiles/CRender.dir/build
make[2]: Entering directory '/media/yohello/hrm2/code-stuff/CRender'
make[2]: Leaving directory '/media/yohello/hrm2/code-stuff/CRender'
make[1]: Leaving directory '/media/yohello/hrm2/code-stuff/CRender'
make: Leaving directory '/media/yohello/hrm2/code-stuff/CRender'
 
make[2]: *** No rule to make target 'src/main.cpp', needed by 'CMakeFiles/CRender.dir/src/main.cpp.o'.
make[2]: *** No rule to make target 'src/glad/glad.c', needed by 'CMakeFiles/CRender.dir/src/glad/glad.c.o'.
make[2]: *** No rule to make target 'src/imgui/imgui.cpp', needed by 'CMakeFiles/CRender.dir/src/imgui/imgui.cpp.o'.
make[2]: *** No rule to make target 'src/imgui/imgui_demo.cpp', needed by 'CMakeFiles/CRender.dir/src/imgui/imgui_demo.cpp.o'.
make[2]: *** No rule to make target 'src/imgui/imgui_draw.cpp', needed by 'CMakeFiles/CRender.dir/src/imgui/imgui_draw.cpp.o'.
make[2]: *** No rule to make target 'src/imgui/imgui_impl_glfw.cpp', needed by 'CMakeFiles/CRender.dir/src/imgui/imgui_impl_glfw.cpp.o'.
make[2]: *** No rule to make target 'src/imgui/imgui_impl_opengl3.cpp', needed by 'CMakeFiles/CRender.dir/src/imgui/imgui_impl_opengl3.cpp.o'.
make[2]: *** No rule to make target 'src/imgui/imgui_tables.cpp', needed by 'CMakeFiles/CRender.dir/src/imgui/imgui_tables.cpp.o'.
make[2]: *** No rule to make target 'src/imgui/imgui_widgets.cpp', needed by 'CMakeFiles/CRender.dir/src/imgui/imgui_widgets.cpp.o'.
make[2]: *** No rule to make target 'src/imgui/imnodes.cpp', needed by 'CMakeFiles/CRender.dir/src/imgui/imnodes.cpp.o'.
make[2]: *** No rule to make target 'src/ui/display.cpp', needed by 'CMakeFiles/CRender.dir/src/ui/display.cpp.o'.
make[2]: *** No rule to make target 'src/render/renderer.cpp', needed by 'CMakeFiles/CRender.dir/src/render/renderer.cpp.o'.
make[2]: *** No rule to make target 'src/render/ray.cpp', needed by 'CMakeFiles/CRender.dir/src/render/ray.cpp.o'.
make[2]: *** No rule to make target 'src/render/camera.cpp', needed by 'CMakeFiles/CRender.dir/src/render/camera.cpp.o'.
make[2]: *** No rule to make target 'src/render/scene.cpp', needed by 'CMakeFiles/CRender.dir/src/render/scene.cpp.o'.
make[2]: *** No rule to make target 'src/render/material/material.cpp', needed by 'CMakeFiles/CRender.dir/src/render/material/material.cpp.o'.
make[2]: *** No rule to make target 'src/util/asset_loader.cpp', needed by 'CMakeFiles/CRender.dir/src/util/asset_loader.cpp.o'.
make[2]: *** No rule to make target 'src/objects/thread_pool.cpp', needed by 'CMakeFiles/CRender.dir/src/objects/thread_pool.cpp.o'.
make[2]: *** No rule to make target 'src/ui/nodes/node_editor.cpp', needed by 'CMakeFiles/CRender.dir/src/ui/nodes/node_editor.cpp.o'.
make[2]: *** No rule to make target 'src/objects/model.cpp', needed by 'CMakeFiles/CRender.dir/src/objects/model.cpp.o'.
make[2]: *** No rule to make target 'src/render/entities/registry.cpp', needed by 'CMakeFiles/CRender.dir/src/render/entities/registry.cpp.o'.
make[2]: *** No rule to make target 'src/render/draft/draft_renderer.cpp', needed by 'CMakeFiles/CRender.dir/src/render/draft/draft_renderer.cpp.o'.
make[2]: *** No rule to make target 'src/render/timer.cpp', needed by 'CMakeFiles/CRender.dir/src/render/timer.cpp.o'.
make[2]: *** No rule to make target 'src/util/logger.cpp', needed by 'CMakeFiles/CRender.dir/src/util/logger.cpp.o'.
make[2]: *** No rule to make target 'src/render/post/post_processor.cpp', needed by 'CMakeFiles/CRender.dir/src/render/post/post_processor.cpp.o'.
make[1]: *** [CMakeFiles/Makefile2:182: CMakeFiles/CRender.dir/all] Error 2
make: *** [Makefile:91: all] Error 2

