make all --print-data-base --no-builtin-variables --no-builtin-rules --question
# GNU Make 4.3
# Built for x86_64-pc-linux-gnu
# Copyright (C) 1988-2020 Free Software Foundation, Inc.
# License GPLv3+: GNU GPL version 3 or later <http://gnu.org/licenses/gpl.html>
# This is free software: you are free to change and redistribute it.
# There is NO WARRANTY, to the extent permitted by law.

# Make data base, printed on Fri Jul 15 03:39:19 2022

# Variables

# environment
GDK_BACKEND = x11
# environment
LC_ALL = C
# environment
GTK_RC_FILES = /etc/gtk/gtkrc:/home/yohello/.gtkrc:/home/yohello/.config/gtkrc
# environment
CMAKE_PREFIX_PATH = /opt/intel/oneapi/tbb/2021.6.0/env/..
# environment
OSH = /home/yohello/.oh-my-bash
# environment
VSCODE_CWD = /home/yohello
# default
MAKE_COMMAND := make
# environment
QT_ACCESSIBILITY = 1
# automatic
@D = $(patsubst %/,%,$(dir $@))
# environment
VSCODE_HANDLES_UNCAUGHT_ERRORS = true
# default
.VARIABLES := 
# environment
PWD = /media/yohello/hrm2/code-stuff/CRender
# automatic
%D = $(patsubst %/,%,$(dir $%))
# environment
LSCOLORS = Gxfxcxdxdxegedabagacad
# environment
XDG_DATA_DIRS = /home/yohello/.local/share/flatpak/exports/share:/var/lib/flatpak/exports/share:/usr/local/share:/usr/share
# automatic
^D = $(patsubst %/,%,$(dir $^))
# automatic
%F = $(notdir $%)
# environment
VSCODE_CODE_CACHE_PATH = /home/yohello/.config/Code/CachedData/b06ae3b2d2dbfe28bca3134cc6be65935cdfea6a
# environment
XDG_SESSION_PATH = /org/freedesktop/DisplayManager/Session1
# environment
LANG = C
# environment
XAUTHORITY = /home/yohello/.Xauthority
# default
.LOADED := 
# default
.INCLUDE_DIRS = /usr/local/include /usr/include /usr/include
# makefile
MAKEFLAGS = pqrR
# environment
PKG_CONFIG_PATH = /opt/intel/oneapi/tbb/2021.6.0/env/../lib/pkgconfig:/opt/intel/oneapi/rkcommon/1.9.0/lib/pkgconfig:/opt/intel/oneapi/ospray/2.9.0/lib/pkgconfig:/opt/intel/oneapi/openvkl/1.2.0/lib/pkgconfig:/opt/intel/oneapi/oidn/1.4.3/lib/pkgconfig:/opt/intel/oneapi/mpi/2021.6.0/lib/pkgconfig:/opt/intel/oneapi/embree/3.13.3/lib/pkgconfig:/opt/intel/oneapi/embree-3.13.3/3.13.3/lib/pkgconfig:/opt/intel/oneapi/embree/3.13.3/lib/pkgconfig:/opt/intel/oneapi/embree-3.13.3/3.13.3/lib/pkgconfig
# makefile
CURDIR := /media/yohello/hrm2/code-stuff/CRender
# environment
APPLICATION_INSIGHTS_NO_DIAGNOSTIC_CHANNEL = true
# environment
LESSOPEN = | /usr/bin/lesspipe %s
# automatic
*D = $(patsubst %/,%,$(dir $*))
# environment
PAM_KWALLET5_LOGIN = /run/user/1000/kwallet5.socket
# environment
MFLAGS = -pqrR
# environment
SSH_AUTH_SOCK = /tmp/ssh-RCTI1J5zjl3Y/agent.1673
# default
.SHELLFLAGS := -c
# environment
HISTSIZE = 
# automatic
+D = $(patsubst %/,%,$(dir $+))
# environment
XCURSOR_THEME = Sweet-cursors
# environment
XDG_SESSION_DESKTOP = KDE
# makefile
MAKEFILE_LIST := 
# automatic
@F = $(notdir $@)
# environment
VSCODE_PID = 3315973
# environment
HISTIGNORE = &:[ ]*:exit:ls:bg:fg:history:clear
# environment
XDG_SESSION_TYPE = x11
# automatic
?D = $(patsubst %/,%,$(dir $?))
# environment
SESSION_MANAGER = local/yohello-deb:@/tmp/.ICE-unix/1986,unix/yohello-deb:/tmp/.ICE-unix/1986
# automatic
*F = $(notdir $*)
# environment
MANPATH = /opt/intel/oneapi/mpi/2021.6.0/man:/opt/intel/oneapi/embree/3.13.3/share/man:/opt/intel/oneapi/embree-3.13.3/3.13.3/share/man:/opt/intel/oneapi/embree/3.13.3/share/man:/opt/intel/oneapi/embree-3.13.3/3.13.3/share/man::
# environment
CHROME_DESKTOP = code-url-handler.desktop
# environment
DBUS_SESSION_BUS_ADDRESS = unix:path=/run/user/1000/bus
# automatic
<D = $(patsubst %/,%,$(dir $<))
# environment
FI_PROVIDER_PATH = /opt/intel/oneapi/mpi/2021.6.0//libfabric/lib/prov:/usr/lib64/libfabric
# environment
VSCODE_NLS_CONFIG = {"locale":"en-gb","availableLanguages":{},"_languagePackSupport":true}
# environment
HISTFILESIZE = 
# environment
ONEAPI_ROOT = /opt/intel/oneapi
# default
MAKE_HOST := x86_64-pc-linux-gnu
# makefile
SHELL = /bin/sh
# environment
CLASSPATH = /opt/intel/oneapi/mpi/2021.6.0//lib/mpi.jar
# default
MAKECMDGOALS := all
# environment
XMODIFIERS = @im=ibus
# environment
LD_LIBRARY_PATH = /opt/intel/oneapi/tbb/2021.6.0/env/../lib/intel64/gcc4.8:/opt/intel/oneapi/rkcommon/1.9.0/lib:/opt/intel/oneapi/ospray_studio/0.10.0/lib:/opt/intel/oneapi/ospray/2.9.0/lib:/opt/intel/oneapi/openvkl/1.2.0/lib:/opt/intel/oneapi/oidn/1.4.3/lib:/opt/intel/oneapi/mpi/2021.6.0//libfabric/lib:/opt/intel/oneapi/mpi/2021.6.0//lib/release:/opt/intel/oneapi/mpi/2021.6.0//lib:/opt/intel/oneapi/ispc/1.17.0/lib/lib64:/opt/intel/oneapi/embree/3.13.3/lib:/opt/intel/oneapi/embree-3.13.3/3.13.3/lib:/opt/intel/oneapi/embree/3.13.3/lib:/opt/intel/oneapi/embree-3.13.3/3.13.3/lib
# environment
SHLVL = 0
# environment
MAKELEVEL := 0
# default
MAKE = $(MAKE_COMMAND)
# environment
PATH = /home/yohello/.local/bin:/usr/local/bin~:/usr/local/cuda-11.7/bin:/opt/intel/oneapi/ospray_studio/0.10.0/bin:/opt/intel/oneapi/ospray/2.9.0/bin:/opt/intel/oneapi/openvkl/1.2.0/bin:/opt/intel/oneapi/oidn/1.4.3/bin:/opt/intel/oneapi/mpi/2021.6.0//libfabric/bin:/opt/intel/oneapi/mpi/2021.6.0//bin:/opt/intel/oneapi/ispc/1.17.0/bin:/opt/intel/oneapi/embree/3.13.3/bin:/opt/intel/oneapi/embree-3.13.3/3.13.3/bin:/opt/intel/oneapi/embree/3.13.3/bin:/opt/intel/oneapi/embree-3.13.3/3.13.3/bin:/home/yohello/.cargo/bin:/home/yohello/kde/src/kdesrc-build:/home/yohello/.local/bin:/home/yohello/kde/src/kdesrc-build:/usr/local/bin:/usr/bin:/bin:/usr/local/games:/usr/games
# default
MAKEFILES := 
# environment
LANGUAGE = en_CA:en
# automatic
^F = $(notdir $^)
# environment
I_MPI_ROOT = /opt/intel/oneapi/mpi/2021.6.0
# environment
LESSCLOSE = /usr/bin/lesspipe %s %s
# automatic
?F = $(notdir $?)
# environment
KDE_APPLICATIONS_AS_SCOPE = 1
# environment
AUTOJUMP_SOURCED = 1
# environment
XDG_SEAT = seat0
# environment
GTK_IM_MODULE = ibus
# environment
XDG_CURRENT_DESKTOP = KDE
# environment
LS_COLORS = 
# automatic
+F = $(notdir $+)
# environment
XDG_SEAT_PATH = /org/freedesktop/DisplayManager/Seat0
# environment
LESS = -R
# environment
DESKTOP_SESSION = plasma
# environment
ORIGINAL_XDG_CURRENT_DESKTOP = KDE
# 'override' directive
GNUMAKEFLAGS := 
# environment
QT_SCREEN_SCALE_FACTORS = DVI-D-0=1;HDMI-0=1;DP-0=1;DP-1=1;
# environment
CLUTTER_IM_MODULE = ibus
# environment
CPATH = /opt/intel/oneapi/tbb/2021.6.0/env/../include:/opt/intel/oneapi/mpi/2021.6.0//include
# environment
LOGNAME = yohello
# environment
XDG_VTNR = 7
# makefile
.DEFAULT_GOAL := 
# environment
AUTOJUMP_ERROR_PATH = /home/yohello/.local/share/autojump/errors.log
# environment
DISPLAY = :0
# environment
USER = yohello
# environment
GTK_MODULES = gail:atk-bridge
# environment
LIBRARY_PATH = /opt/intel/oneapi/tbb/2021.6.0/env/../lib/intel64/gcc4.8:/opt/intel/oneapi/mpi/2021.6.0//libfabric/lib:/opt/intel/oneapi/mpi/2021.6.0//lib/release:/opt/intel/oneapi/mpi/2021.6.0//lib
# default
MAKE_VERSION := 4.3
# environment
KDE_SESSION_UID = 1000
# environment
PYTHONPATH = /opt/intel/oneapi/ospray_studio/0.10.0/lib
# environment
SSH_AGENT_PID = 1780
# environment
PAGER = less
# environment
_ = /usr/share/code/code
# environment
XDG_RUNTIME_DIR = /run/user/1000
# environment
GPG_AGENT_INFO = /run/user/1000/gnupg/S.gpg-agent:0:1
# environment
LC_CTYPE = en_CA.UTF-8
# environment
XDG_SESSION_CLASS = user
# environment
VSCODE_AMD_ENTRYPOINT = vs/workbench/api/node/extensionHostProcess
# environment
GTK2_RC_FILES = /etc/gtk-2.0/gtkrc:/home/yohello/.gtkrc-2.0:/home/yohello/.config/gtkrc-2.0
# environment
HOME = /home/yohello
# environment
QT_IM_MODULE = ibus
# environment
TBBROOT = /opt/intel/oneapi/tbb/2021.6.0/env/..
# environment
VSCODE_IPC_HOOK = /run/user/1000/vscode-1014eca9-1.69.1-main.sock
# environment
ELECTRON_RUN_AS_NODE = 1
# environment
XDG_SESSION_ID = 3
# environment
XCURSOR_SIZE = 24
# default
.RECIPEPREFIX := 
# automatic
<F = $(notdir $<)
# default
SUFFIXES := 
# environment
QT_AUTO_SCREEN_SCALE_FACTOR = 0
# environment
SETVARS_COMPLETED = 1
# environment
KDE_SESSION_VERSION = 5
# default
.FEATURES := target-specific order-only second-expansion else-if shortest-stem undefine oneshell nocomment grouped-target extra-prereqs archives jobserver output-sync check-symlink load
# environment
KDE_FULL_SESSION = true
# variable set hash-table stats:
# Load=119/1024=12%, Rehash=0, Collisions=7/146=5%

# Pattern-specific Variable Values

# No pattern-specific variable values.

# Directories

# . (device 2081, inode 59906208): 17 files, no impossibilities.

# 17 files, no impossibilities in 1 directories.

# Implicit Rules

# No implicit rules.

# Files

# Not a target:
Makefile:
#  Implicit rule search has been done.
#  File does not exist.
#  File has been updated.
#  Failed to be updated.

# Not a target:
.DEFAULT:
#  Implicit rule search has not been done.
#  Modification time never checked.
#  File has not been updated.

# Not a target:
all:
#  Command line target.
#  Implicit rule search has been done.
#  File does not exist.
#  File has not been updated.

# Not a target:
makefile:
#  Implicit rule search has been done.
#  File does not exist.
#  File has been updated.
#  Failed to be updated.

# Not a target:
GNUmakefile:
#  Implicit rule search has been done.
#  File does not exist.
#  File has been updated.
#  Failed to be updated.

# files hash-table stats:
 
make: *** No rule to make target 'all'.  Stop.

# Load=6/1024=1%, Rehash=0, Collisions=0/15=0%
# VPATH Search Paths

# No 'vpath' search paths.

# No general ('VPATH' variable) search path.

# strcache buffers: 1 (0) / strings = 25 / storage = 255 B / avg = 10 B
# current buf: size = 8162 B / used = 255 B / count = 25 / avg = 10 B

# strcache performance: lookups = 28 / hit rate = 10%
# hash-table stats:
# Load=25/8192=0%, Rehash=0, Collisions=0/28=0%
# Finished Make data base on Fri Jul 15 03:39:19 2022

 
